Action.c(183):     288063806-2094675-JL&flightID=41178986-2095433-CM&flightID=164627417-2096174-GM&flightID=4
Action.c(183):     1154090-2096956-MT&flightID=288038939-2097719-jb&flightID=1646025965-20984696-TV&flightID=
Action.c(183):     288051219-2099301-TS&flightID=41166338-2100009-OA&flightID=164611237-2100801-JJ&flightID=2
Action.c(183):     88059687-2101581-HB&flightID=41174870-2102346-JL&flightID=1646233745-21030855-CM&flightID=
Action.c(183):     288071969-2103859-GM&flightID=41150083-2104635-jb&flightID=164598548-2105446-MT&flightID=4
Action.c(183):     1162319-2106202-TS&flightID=288047139-2106982-TV&flightID=288067813-2107767-CM&flightID=16
Action.c(183):     4610859-2108478-OA&flightID=288055643-2109259-JJ&flightID=41170756-2110033-HB&flightID=411
Action.c(183):     83004-2110779-GM&flightID=1646192631-21115466-JL&flightID=41154125-2112337-MT&flightID=288
Action.c(183):     038939-2113104-jb&flightID=1646025965-21138543-TV&flightID=288051219-2114686-TS&flightID=4
Action.c(183):     1166301-2115395-OA&flightID=164611130-2116193-JJ&flightID=288059652-2116971-HB&flightID=16
Action.c(183):     4619331-2117764-JL&flightID=41178986-2118510-CM&flightID=288071969-2119243-GM&flightID=411
Action.c(183):     50010-2120021-jb&flightID=164598620-2120828-MT&flightID=288047101-2121594-TV&flightID=4116
Action.c(183):     2353-2122349-TS&flightID=164610750-2123097-OA&flightID=41170792-2123875-HB&flightID=164619
Action.c(183):     331-2124688-JL&flightID=288055643-2125413-JJ&flightID=288067885-2126224-CM&flightID=411830
Action.c(183):     78-2126932-GM&flightID=164594536-2127729-jb&flightID=288043058-2128507-MT&flightID=4115827
Action.c(183):     6-2129266-TV&flightID=41166750-2130020-JJ&flightID=1646066713-21307788-TS&flightID=1646153
Action.c(183):     20-2131589-HB&flightID=288055229-2132321-OA&flightID=41178913-2133128-CM&flightID=28806383
Action.c(183):     9-2133897-JL&flightID=164627526-2134632-GM&flightID=288038939-2135411-jb&flightID=41154090
Action.c(183):     -2136187-MT&flightID=1646067451-21369322-TS&flightID=288047139-2137751-TV&flightID=1646111
Action.c(183):     30-2138501-JJ&flightID=41166375-2139241-OA&flightID=288059759-2140039-HB&flightID=41174870
Action.c(183):     -2140807-JL&flightID=288071969-2141551-GM&flightID=1646234482-21423155-CM&flightID=1645985
Action.c(183):     82-2143132-MT&flightID=41150010-2143867-jb&flightID=288047172-2144666-TV&flightID=41162319
Action.c(183):     -2145433-TS&flightID=288055605-2146181-JJ&flightID=164610824-2146942-OA&flightID=41170756-
Action.c(183):     2147725-HB&flightID=41183078-2148470-GM&flightID=1646192631-21492389-JL&flightID=0-2150-%0
Action.c(183):     D%0A&flightID=0-2150-15&flightID=0-2151-04&flightID=0-2152-25&flightID=0-2153-31&flightID=
Action.c(183):     0-2153-41&flightID=0-2154-52&flightID=0-2155-66&flightID=0-2156-75&flightID=0-2156-88&flig
Action.c(183):     htID=0-2157-92&flightID=0-2158-03&flightID=0-2159-14&flightID=0-2160-21&flightID=0-2160-39
Action.c(183):     &flightID=0-2161-41&flightID=0-2162-64&flightID=0-2163-78&flightID=0-2163-55&flightID=0-21
Action.c(183):     64-03&flightID=0-2165-81&flightID=0-2166-91&flightID=0-2166-16&flightID=0-2167-27&flightID
Action.c(183):     =0-2168-36&flightID=0-2169-42&flightID=0-2170-53&flightID=0-2170-63&flightID=0-2171-71&fli
Action.c(183):     ghtID=0-2172-89&flightID=0-2173-91&flightID=0-2173-04&flightID=0-2174-16&flightID=0-2175-5
Action.c(183):     3&flightID=0-2176-25&flightID=0-2176-64&flightID=0-2177-42&flightID=0-2178-31&flightID=0-2
Action.c(183):     179-77&flightID=0-2180-92&flightID=0-2180-85&flightID=0-2181-03&flightID=0-2182-14&flightI
Action.c(183):     D=0-2183-29&flightID=0-2183-39&flightID=0-2184-41&flightID=0-2185-55&flightID=0-2186-65&fl
Action.c(183):     ightID=0-2186-74&flightID=0-2187-81&flightID=0-2188-91&flightID=0-2189-04&flightID=0-2190-
Action.c(183):     15&flightID=0-2190-24&flightID=0-2191-31&flightID=0-2192-41&flightID=0-2193-52&flightID=0-
Action.c(183):     2193-67&flightID=0-2194-n&flightID=0-2195-86&flightID=0-2196-92&flightID=0-2196-39&flightI
Action.c(183):     D=0-2197-28&flightID=0-2198-03&flightID=0-2199-13&flightID=0-2200-41&flightID=0-2200-54&fl
Action.c(183):     ightID=0-2201-65&flightID=0-2202-75&flightID=0-2203-81&flightID=0-2203-91&flightID=0-2204-
Action.c(183):     03&flightID=0-2205-16&flightID=0-2206-36&flightID=0-2206-26&flightID=0-2207-53&flightID=0-
Action.c(183):     2208-42&flightID=0-2209-64&flightID=0-2210-81&flightID=0-2210-75&flightID=0-2211-91&flight
Action.c(183):     ID=0-2212-15&flightID=0-2213-05&flightID=0-2213-25&flightID=0-2214-31&flightID=0-2215-41&f
Action.c(183):     lightID=0-2216-52&flightID=0-2216-66&flightID=0-2217-77&flightID=0-2218-86&flightID=0-2219
Action.c(183):     -13&flightID=0-2220-92&flightID=0-2220-03&flightID=0-2221-29&flightID=0-2222-41&flightID=0
Action.c(183):     -2223-39&flightID=0-2223-55&flightID=0-2224-65&flightID=0-2225-92&flightID=0-2226-81&fligh
Action.c(183):     tID=0-2226-74&flightID=0-2227-18&flightID=0-2228-02&flightID=0-2229-28&flightID=0-2230-36&
Action.c(183):     flightID=0-2230-53&flightID=0-2231-42&flightID=0-2232-63&flightID=0-2233-87&flightID=0-223
Action.c(183):     3-78&flightID=0-2234-91&flightID=0-2235-05&flightID=0-2236-25&flightID=0-2236-15&flightID=
Action.c(183):     0-2237-31&flightID=0-2238-41&flightID=0-2239-52&flightID=0-2240-77&flightID=0-2240-68&flig
Action.c(183):     htID=0-2241-86&flightID=0-2242-92&flightID=0-2243-03&flightID=0-2243-13&flightID=0-2244-21
Action.c(183):     &flightID=0-2245-38&flightID=0-2246-55&flightID=0-2246-41&flightID=0-2247-66&flightID=0-22
Action.c(183):     48-91&flightID=0-2249-81&flightID=0-2250-75&flightID=0-2250-02&flightID=0-2251-17&flightID
Action.c(183):     =0-2252-28&flightID=0-2253-36&flightID=0-2253-42&flightID=0-2254-53&flightID=0-2255-67&fli
Action.c(183):     ghtID=0-2256-74&flightID=0-2256-91&flightID=0-2257-89&flightID=0-2258-15&flightID=0-2259-0
Action.c(183):     4&flightID=0-2260-24&flightID=0-2260-41&flightID=0-2261-31&flightID=0-2262-52&flightID=0-2
Action.c(183):     263-67&flightID=0-2263-91&flightID=0-2264-78&flightID=0-2265-88&flightID=0-2266-18&flightI
Action.c(183):     D=0-2266-02&flightID=0-2267-28&flightID=0-2268-36&flightID=0-2269-42&flightID=0-2270-53&fl
Action.c(183):     ightID=0-2270-64&flightID=0-2271-87&flightID=0-2272-71&flightID=0-2273-91&flightID=0-2273-
Action.c(183):     04&flightID=0-2274-17&flightID=0-2275-37&flightID=0-2276-41&flightID=0-2276-25&flightID=0-
Action.c(183):     2277-52&flightID=0-2278-66&flightID=0-2279-76&flightID=0-2280-85&flightID=0-2280-14&flight
Action.c(183):     ID=0-2281-03&flightID=0-2282-92&flightID=0-2283-38&flightID=0-2283-21&flightID=0-2284-41&f
Action.c(183):     lightID=0-2285-65&flightID=0-2286-54&flightID=0-2286-81&flightID=0-2287-75&flightID=0-2288
Action.c(183):     -91&flightID=0-2289-18&flightID=0-2290-02&flightID=0-2290-27&flightID=0-2291-35&flightID=0
Action.c(183):     -2292-42&flightID=0-2293-53&flightID=0-2293-71&flightID=0-2294-92&flightID=0-2295-25&fligh
Action.c(183):     tID=0-2296-85&flightID=0-2296-15&flightID=0-2297-02&flightID=0-2298-66&flightID=0-2299-41&
Action.c(183):     flightID=0-2300-52&flightID=0-2300-31&flightID=0-2301-67&flightID=0-2302-76&flightID=0-230
Action.c(183):     3-92&flightID=0-2303-85&flightID=0-2304-13&flightID=0-2305-03&flightID=0-2306-39&flightID=
Action.c(183):     0-2306-21&flightID=0-2307-41&flightID=0-2308-54&flightID=0-2309-66&flightID=0-2310-75&flig
Action.c(183):     htID=0-2310-81&flightID=0-2311-91&flightID=0-2312-02&flightID=0-2313-17&flightID=0-2313-28
Action.c(183):     &flightID=0-2314-42&flightID=0-2315-35&flightID=0-2316-53&flightID=0-2316-64&flightID=0-23
Action.c(183):     17-89&flightID=0-2318-71&flightID=0-2319-25&flightID=0-2320-91&flightID=0-2320-15&flightID
Action.c(183):     =0-2321-05&flightID=0-2322-31&flightID=0-2323-41&flightID=0-2323-52&flightID=0-2324-67&fli
Action.c(183):     ghtID=0-2325-86&flightID=0-2326-77&flightID=0-2326-03&flightID=0-2327-92&flightID=0-2328-2
Action.c(183):     9&flightID=0-2329-13&flightID=0-2330-37&flightID=0-2330-41&flightID=0-2331-54&flightID=0-2
Action.c(183):     332-66&flightID=0-2333-75&flightID=0-2333-81&flightID=0-2334-92&flightID=0-2335-13&flightI
Action.c(183):     D=0-2336-03&flightID=0-2336-36&flightID=0-2337-42&flightID=0-2338-27&flightID=0-2339-53&fl
Action.c(183):     ightID=0-2340-78&flightID=0-2340-64&flightID=0-2341-91&flightID=0-2342-88&flightID=0-2343-
Action.c(183):     03&flightID=0-2343-13&flightID=0-2344-28&flightID=0-2345-37&flightID=0-2346-41&flightID=0-
Action.c(183):     2346-54&flightID=0-2347-66&flightID=0-2348-75&flightID=0-2349-81&flightID=0-2350-91&flight
Action.c(183):     ID=0-2350-02&flightID=0-2351-18&flightID=0-2352-27&flightID=0-2353-42&flightID=0-2353-36&f
Action.c(183):     lightID=0-2354-53&flightID=0-2355-71&flightID=0-2356-64&flightID=0-2356-88&flightID=0-2357
Action.c(183):     -91&flightID=0-2358-04&flightID=0-2359-15&flightID=0-2360-25&flightID=0-2360-31&flightID=0
Action.c(183):     -2361-42&flightID=0-2362-54&flightID=0-2363-63&flightID=0-2363-76&flightID=0-2364-85&fligh
Action.c(183):     tID=0-2365-92&flightID=0-2366-38&flightID=0-2366-29&flightID=0-2367-03&flightID=0-2368-13&
Action.c(183):     flightID=0-2369-41&flightID=0-2370-55&flightID=0-2370-65&flightID=0-2371-81&flightID=0-237
Action.c(183):     2-74&flightID=0-2373-16&flightID=0-2373-91&flightID=0-2374-42&flightID=0-2375-02&flightID=
Action.c(183):     0-2376-35&flightID=0-2376-28&flightID=0-2377-53&flightID=0-2378-64&flightID=0-2379-79&flig
Action.c(183):     htID=0-2380-89&flightID=0-2380-91&flightID=0-2381-04&flightID=0-2382-31&flightID=0-2383-16
Action.c(183):     &flightID=0-2383-24&flightID=0-2384-41&flightID=0-2385-52&flightID=0-2386-67&flightID=0-23
Action.c(183):     86-78&flightID=0-2387-85&flightID=0-2388-92&flightID=0-2389-03&flightID=0-2390-13&flightID
Action.c(183):     =0-2390-29&flightID=0-2391-39&flightID=0-2392-55&flightID=0-2393-41&flightID=0-2393-75&fli
Action.c(183):     ghtID=0-2394-65&flightID=0-2395-81&flightID=0-2396-02&flightID=0-2396-91&flightID=0-2397-3
Action.c(183):     9&flightID=0-2398-25&flightID=0-2399-18&flightID=0-2400-42&flightID=0-2400-64&flightID=0-2
Action.c(183):     401-53&flightID=0-2402-87&flightID=0-2403-71&flightID=0-2403-91&flightID=0-2404-04&flightI
Action.c(183):     D=0-2405-31&flightID=0-2406-15&flightID=0-2406-24&flightID=0-2407-41&flightID=0-2408-52&fl
Action.c(183):     ightID=0-2409-66&flightID=0-2410-86&flightID=0-2410-78&flightID=0-2411-05&flightID=0-2412-
Action.c(183):     91&flightID=0-2413-28&flightID=0-2413-13&flightID=0-2414-41&flightID=0-2415-65&flightID=0-
Action.c(183):     2416-38&flightID=0-2416-54&flightID=0-2417-92&flightID=0-2418-81&flightID=0-2419-75&flight
Action.c(183):     ID=0-2420-04&flightID=0-2420-25&flightID=0-2421-31&flightID=0-2422-15&flightID=0-2423-41&f
Action.c(183):     lightID=0-2423-52&flightID=0-2424-67&flightID=0-2425-78&flightID=0-2426-86&flightID=0-2426
Action.c(183):     -92&flightID=0-2427-03&flightID=0-2428-14&flightID=0-2429-28&flightID=0-2430-37&flightID=0
Action.c(183):     -2430-54&flightID=0-2431-41&flightID=0-2432-81&flightID=0-2433-75&flightID=0-2433-65&fligh
Action.c(183):     tID=0-2434-91&flightID=0-2435-03&flightID=0-2436-18&flightID=0-2436-26&flightID=0-2437-36&
Action.c(183):     flightID=0-2438-42&flightID=0-2439-53&flightID=0-2440-64&flightID=0-2440-79&flightID=0-244
Action.c(183):     1-88&flightID=0-2442-91&flightID=0-2443-04&flightID=0-2443-15&flightID=0-2444-31&flightID=
Action.c(183):     0-2445-25&flightID=0-2446-52&flightID=0-2446-41&flightID=0-2447-66&flightID=0-2448-77&flig
Action.c(183):     htID=0-2449-86&flightID=0-2450-92&flightID=0-2450-03&flightID=0-2451-14&flightID=0-2452-28
Action.c(183):     &flightID=0-2453-38&flightID=0-2453-41&flightID=0-2454-66&flightID=0-2455-54&flightID=0-24
Action.c(183):     56-74&flightID=0-2456-81&flightID=0-2457-91&flightID=0-2458-00&flightID=0-2459-00&flightID
Action.c(183):     =0-2460-00&flightID=0-2460-00&flightID=0-2461-00&flightID=0-2462-00&flightID=0-2463-00&fli
Action.c(183):     ghtID=0-2463-00&removeFlights.x=50&removeFlights.y=9&.cgifields=127&.cgifields=1801&.cgifi
Action.c(183):     elds=71&.cgifields=1648&.cgifields=1481&.cgifields=3074&.cgifields=2927&.cgifields=2266&.c
Action.c(183):     gifields=3163&.cgifields=1178&.cgifields=2915&.cgifields=1387&.cgifields=512&.cgifields=19
Action.c(183):     32&.cgifields=463&.cgifields=517&.cgifields=458&.cgifields=2634&.cgifields=1785&.cgifields
Action.c(183):     =1250&.cgifields=1363&.cgifields=722&.cgifields=2507&.cgifields=3051&.cgifields=1109&.cgif
Action.c(183):     ields=2067&.cgifields=1630&.cgifields=1597&.cgifields=3185&.cgifields=3109&.cgifields=728&
Action.c(183):     .cgifields=1244&.cgifields=2154&.cgifields=1638&.cgifields=742&.cgifields=29&.cgifields=35
Action.c(183):     0&.cgifields=1969&.cgifields=1810&.cgifields=2203&.cgifields=58&.cgifields=153&.cgifields=
Action.c(183):     2932&.cgifields=2754&.cgifields=2387&.cgifields=1546&.cgifields=101&.cgifields=2994&.cgifi
Action.c(183):     elds=340&.cgifields=311&.cgifields=825&.cgifields=917&.cgifields=2425&.cgifields=495&.cgif
Action.c(183):     ields=1703&.cgifields=2086&.cgifields=1322&.cgifields=1816&.cgifields=2460&.cgifields=2510
Action.c(183):     &.cgifields=1172&.cgifields=2699&.cgifields=2458&.cgifields=1259&.cgifields=834&.cgifields
Action.c(183):     =285&.cgifields=2976&.cgifields=2441&.cgifields=2414&.cgifields=1216&.cgifields=2285&.cgif
Action.c(183):     ields=2274&.cgifields=2194&.cgifields=3092&.cgifields=1135&.cgifields=2002&.cgifields=2864
Action.c(183):     &.cgifields=1203&.cgifields=96&.cgifields=2088&.cgifields=1068&.cgifields=1667&.cgifields=
Action.c(183):     2114&.cgifields=486&.cgifields=2134&.cgifields=1354&.cgifields=569&.cgifields=8&.cgifields
Action.c(183):     =2359&.cgifields=3111&.cgifields=2045&.cgifields=1396&.cgifields=686&.cgifields=3149&.cgif
Action.c(183):     ields=1760&.cgifields=2033&.cgifields=391&.cgifields=943&.cgifields=2676&.cgifields=1887&.
Action.c(183):     cgifields=2907&.cgifields=1375&.cgifields=180&.cgifields=1585&.cgifields=2939&.cgifields=1
Action.c(183):     877&.cgifields=246&.cgifields=2705&.cgifields=2227&.cgifields=690&.cgifields=1168&.cgifiel
Action.c(183):     ds=61&.cgifields=536&.cgifields=1767&.cgifields=1653&.cgifields=2237&.cgifields=1688&.cgif
Action.c(183):     ields=2394&.cgifields=1266&.cgifields=2654&.cgifields=2958&.cgifields=1458&.cgifields=444&
Action.c(183):     .cgifields=508&.cgifields=1336&.cgifields=39&.cgifields=1089&.cgifields=558&.cgifields=12&
Action.c(183):     .cgifields=3200&.cgifields=3036&.cgifields=1554&.cgifields=2168&.cgifields=573&.cgifields=
Action.c(183):     2710&.cgifields=1084&.cgifields=638&.cgifields=2350&.cgifields=875&.cgifields=2479&.cgifie
Action.c(183):     lds=1522&.cgifields=1&.cgifields=506&.cgifields=136&.cgifields=116&.cgifields=1197&.cgifie
Action.c(183):     lds=1580&.cgifields=2937&.cgifields=2419&.cgifields=2146&.cgifields=661&.cgifields=3157&.c
Action.c(183):     gifields=2845&.cgifields=2482&.cgifields=2719&.cgifields=1935&.cgifields=2690&.cgifields=5
Action.c(183):     81&.cgifields=2727&.cgifields=308&.cgifields=678&.cgifields=1517&.cgifields=2808&.cgifield
Action.c(183):     s=3025&.cgifields=3004&.cgifields=1975&.cgifields=2910&.cgifields=1973&.cgifields=1991&.cg
Action.c(183):     ifields=3027&.cgifields=927&.cgifields=301&.cgifields=3180&.cgifields=2302&.cgifields=51&.
Action.c(183):     cgifields=1758&.cgifields=1822&.cgifields=456&.cgifields=3063&.cgifields=2745&.cgifields=6
Action.c(183):     52&.cgifields=1033&.cgifields=2736&.cgifields=2400&.cgifields=2258&.cgifields=2034&.cgifie
Action.c(183):     lds=1539&.cgifields=2029&.cgifields=796&.cgifields=2349&.cgifields=366&.cgifields=844&.cgi
Action.c(183):     fields=1541&.cgifields=2723&.cgifields=272&.cgifields=2343&.cgifields=775&.cgifields=2518&
Action.c(183):     .cgifields=3044&.cgifields=2108&.cgifields=20&.cgifields=2376&.cgifields=888&.cgifields=19
Action.c(183):     83&.cgifields=1011&.cgifields=3100&.cgifields=1754&.cgifields=1627&.cgifields=1161&.cgifie
Action.c(183):     lds=468&.cgifields=2093&.cgifields=3030&.cgifields=1019&.cgifields=700&.cgifields=1927&.cg
Action.c(183):     ifields=78&.cgifields=2853&.cgifields=1380&.cgifields=990&.cgifields=413&.cgifields=294&.c
Action.c(183):     gifields=2316&.cgifields=2218&.cgifields=1614&.cgifields=1442&.cgifields=764&.cgifields=34
Action.c(183):     9&.cgifields=1743&.cgifields=2075&.cgifields=1981&.cgifields=2081&.cgifields=1383&.cgifiel
Action.c(183):     ds=606&.cgifields=137&.cgifields=1414&.cgifields=2522&.cgifields=1855&.cgifields=666&.cgif
Action.c(183):     ields=432&.cgifields=1074&.cgifields=860&.cgifields=2308&.cgifields=1567&.cgifields=1063&.
Action.c(183):     cgifields=1776&.cgifields=2565&.cgifields=3047&.cgifields=2158&.cgifields=2576&.cgifields=
Action.c(183):     2415&.cgifields=2362&.cgifields=708&.cgifields=2583&.cgifields=2796&.cgifields=2589&.cgifi
Action.c(183):     elds=1601&.cgifields=2814&.cgifields=710&.cgifields=1656&.cgifields=323&.cgifields=856&.cg
Action.c(183):     ifields=2142&.cgifields=1834&.cgifields=1664&.cgifields=112&.cgifields=545&.cgifields=191&
Action.c(183):     .cgifields=2733&.cgifields=2467&.cgifields=187&.cgifields=588&.cgifields=1684&.cgifields=7
Action.c(183):     56&.cgifields=2326&.cgifields=1283&.cgifields=262&.cgifields=1944&.cgifields=3089&.cgifiel
Action.c(183):     ds=212&.cgifields=2436&.cgifields=1331&.cgifields=2590&.cgifields=2383&.cgifields=542&.cgi
Action.c(183):     fields=3114&.cgifields=1305&.cgifields=961&.cgifields=2686&.cgifields=2882&.cgifields=2099
Action.c(183):     &.cgifields=1662&.cgifields=2476&.cgifields=2988&.cgifields=574&.cgifields=170&.cgifields=
Action.c(183):     1921&.cgifields=660&.cgifields=26&.cgifields=2116&.cgifields=977&.cgifields=2250&.cgifield
Action.c(183):     s=566&.cgifields=526&.cgifields=1901&.cgifields=359&.cgifields=2765&.cgifields=1229&.cgifi
Action.c(183):     elds=2299&.cgifields=108&.cgifields=2820&.cgifields=604&.cgifields=2614&.cgifields=2608&.c
Action.c(183):     gifields=1001&.cgifields=232&.cgifields=477&.cgifields=1338&.cgifields=3054&.cgifields=262
Action.c(183):     3&.cgifields=1182&.cgifields=225&.cgifields=1447&.cgifields=330&.cgifields=142&.cgifields=
Action.c(183):     207&.cgifields=1510&.cgifields=48&.cgifields=1857&.cgifields=360&.cgifields=3170&.cgifield
Action.c(183):     s=3160&.cgifields=2321&.cgifields=1988&.cgifields=3135&.cgifields=1076&.cgifields=3082&.cg
Action.c(183):     ifields=766&.cgifields=449&.cgifields=1574&.cgifields=1579&.cgifields=659&.cgifields=2774&
Action.c(183):     .cgifields=2763&.cgifields=1141&.cgifields=682&.cgifields=2971&.cgifields=353&.cgifields=3
Action.c(183):     75&.cgifields=2989&.cgifields=984&.cgifields=2833&.cgifields=2409&.cgifields=1155&.cgifiel
Action.c(183):     ds=1485&.cgifields=788&.cgifields=128&.cgifields=501&.cgifields=2944&.cgifields=1313&.cgif
Action.c(183):     ields=278&.cgifields=1617&.cgifields=3144&.cgifields=490&.cgifields=2650&.cgifields=1843&.
Action.c(183):     cgifields=155&.cgifields=387&.cgifields=2626&.cgifields=1913&.cgifields=1112&.cgifields=62
Action.c(183):     6&.cgifields=1294&.cgifields=461&.cgifields=2712&.cgifields=1562&.cgifields=1426&.cgifield
Action.c(183):     s=257&.cgifields=1358&.cgifields=951&.cgifields=782&.cgifields=85&.cgifields=809&.cgifield
Action.c(183):     s=2200&.cgifields=1156&.cgifields=2281&.cgifields=1557&.cgifields=1486&.cgifields=425&.cgi
Action.c(183):     fields=3057&.cgifields=2056&.cgifields=736&.cgifields=2876&.cgifields=539&.cgifields=781&.
Action.c(183):     cgifields=2847&.cgifields=3015&.cgifields=1950&.cgifields=2865&.cgifields=1698&.cgifields=
Action.c(183):     520&.cgifields=2782&.cgifields=2037&.cgifields=532&.cgifields=1193&.cgifields=2455&.cgifie
Action.c(183):     lds=55&.cgifields=1890&.cgifields=1681&.cgifields=57&.cgifields=2642&.cgifields=872&.cgifi
Action.c(183):     elds=2354&.cgifields=1146&.cgifields=395&.cgifields=89&.cgifields=175&.cgifields=584&.cgif
Action.c(183):     ields=988&.cgifields=35&.cgifields=2453&.cgifields=2295&.cgifields=1882&.cgifields=1550&.c
Action.c(183):     gifields=1454&.cgifields=1421&.cgifields=2827&.cgifields=665&.cgifields=3021&.cgifields=27
Action.c(183):     58&.cgifields=1476&.cgifields=2533&.cgifields=1207&.cgifields=2641&.cgifields=2670&.cgifie
Action.c(183):     lds=3007&.cgifields=1584&.cgifields=904&.cgifields=930&.cgifields=1675&.cgifields=649&.cgi
Action.c(183):     fields=2972&.cgifields=2150&.cgifields=1318&.cgifields=648&.cgifields=642&.cgifields=2006&
Action.c(183):     .cgifields=2245&.cgifields=3178&.cgifields=1764&.cgifields=2130&.cgifields=1908&.cgifields
Action.c(183):     =1028&.cgifields=1589&.cgifields=198&.cgifields=2792&.cgifields=2550&.cgifields=1718&.cgif
Action.c(183):     ields=1098&.cgifields=1059&.cgifields=2683&.cgifields=3003&.cgifields=913&.cgifields=2019&
Action.c(183):     .cgifields=2665&.cgifields=202&.cgifields=361&.cgifields=2468&.cgifields=184&.cgifields=77
Action.c(183):     6&.cgifields=2183&.cgifields=1819&.cgifields=1459&.cgifields=1570&.cgifields=2673&.cgifiel
Action.c(183):     ds=1984&.cgifields=1269&.cgifields=181&.cgifields=412&.cgifields=307&.cgifields=1671&.cgif
Action.c(183):     ields=2041&.cgifields=1467&.cgifields=1463&.cgifields=830&.cgifields=154&.cgifields=2893&.
Action.c(183):     cgifields=2062&.cgifields=1101&.cgifields=2801&.cgifields=704&.cgifields=326&.cgifields=14
Action.c(183):     62&.cgifields=1165&.cgifields=2886&.cgifields=2543&.cgifields=681&.cgifields=335&.cgifield
Action.c(183):     s=3062&.cgifields=1029&.cgifields=2715&.cgifields=5&.cgifields=2694&.cgifields=2105&.cgifi
Action.c(183):     elds=2791&.cgifields=1957&.cgifields=554&.cgifields=2657&.cgifields=552&.cgifields=1867&.c
Action.c(183):     gifields=1623&.cgifields=2505&.cgifields=74&.cgifields=2936&.cgifields=890&.cgifields=440&
Action.c(183):     .cgifields=1926&.cgifields=1289&.cgifields=299&.cgifields=2024&.cgifields=2525&.cgifields=
Action.c(183):     1282&.cgifields=1694&.cgifields=841&.cgifields=1898&.cgifields=1044&.cgifields=1350&.cgifi
Action.c(183):     elds=1751&.cgifields=91&.cgifields=2137&.cgifields=3183&.cgifields=1240&.cgifields=2815&.c
Action.c(183):     gifields=3079&.cgifields=467&.cgifields=2121&.cgifields=474&.cgifields=481&.cgifields=867&
Action.c(183):     .cgifields=1976&.cgifields=817&.cgifields=563&.cgifields=2751&.cgifields=2919&.cgifields=2
Action.c(183):     953&.cgifields=229&.cgifields=673&.cgifields=68&.cgifields=2059&.cgifields=315&.cgifields=
Action.c(183):     2514&.cgifields=1827&.cgifields=2501&.cgifields=2366&.cgifields=1947&.cgifields=1347&.cgif
Action.c(183):     ields=222&.cgifields=2911&.cgifields=1504&.cgifields=25&.cgifields=2270&.cgifields=2418&.c
Action.c(183):     gifields=3132&.cgifields=305&.cgifields=1253&.cgifields=928&.cgifields=1644&.cgifields=152
Action.c(183):     6&.cgifields=217&.cgifields=2648&.cgifields=1730&.cgifields=158&.cgifields=281&.cgifields=
Action.c(183):     46&.cgifields=1851&.cgifields=1316&.cgifields=2630&.cgifields=2373&.cgifields=1418&.cgifie
Action.c(183):     lds=36&.cgifields=2263&.cgifields=1368&.cgifields=748&.cgifields=472&.cgifields=1655&.cgif
Action.c(183):     ields=1943&.cgifields=317&.cgifields=711&.cgifields=132&.cgifields=1791&.cgifields=1254&.c
Action.c(183):     gifields=1642&.cgifields=892&.cgifields=2180&.cgifields=2769&.cgifields=2071&.cgifields=14
Action.c(183):     28&.cgifields=546&.cgifields=537&.cgifields=1018&.cgifields=1125&.cgifields=2279&.cgifield
Action.c(183):     s=1007&.cgifields=1443&.cgifields=741&.cgifields=1833&.cgifields=1186&.cgifields=998&.cgif
Action.c(183):     ields=3119&.cgifields=2806&.cgifields=3032&.cgifields=1789&.cgifields=2240&.cgifields=3192
Action.c(183):     &.cgifields=2076&.cgifields=529&.cgifields=1545&.cgifields=1838&.cgifields=1773&.cgifields
Action.c(183):     =1058&.cgifields=3166&.cgifields=2573&.cgifields=987&.cgifields=2984&.cgifields=1150&.cgif
Action.c(183):     ields=2860&.cgifields=3141&.cgifields=1535&.cgifields=2390&.cgifields=1335&.cgifields=908&
Action.c(183):     .cgifields=2580&.cgifields=3127&.cgifields=284&.cgifields=1340&.cgifields=903&.cgifields=2
Action.c(183):     47&.cgifields=165&.cgifields=289&.cgifields=2351&.cgifields=729&.cgifields=2119&.cgifields
Action.c(183):     =2&.cgifields=808&.cgifields=845&.cgifields=2125&.cgifields=2553&.cgifields=1847&.cgifield
Action.c(183):     s=1231&.cgifields=2979&.cgifields=1249&.cgifields=147&.cgifields=2446&.cgifields=973&.cgif
Action.c(183):     ields=2961&.cgifields=2569&.cgifields=1046&.cgifields=1142&.cgifields=2095&.cgifields=1291
Action.c(183):     &.cgifields=2601&.cgifields=2599&.cgifields=319&.cgifields=2960&.cgifields=2571&.cgifields
Action.c(183):     =2857&.cgifields=1179&.cgifields=1052&.cgifields=1922&.cgifields=735&.cgifields=3048&.cgif
Action.c(183):     ields=1493&.cgifields=2948&.cgifields=2397&.cgifields=974&.cgifields=2629&.cgifields=1271&
Action.c(183):     .cgifields=1668&.cgifields=1715&.cgifields=344&.cgifields=1613&.cgifields=2103&.cgifields=
Action.c(183):     2949&.cgifields=636&.cgifields=1710&.cgifields=1406&.cgifields=1104&.cgifields=2224&.cgifi
Action.c(183):     elds=1133&.cgifields=2421&.cgifields=209&.cgifields=2837&.cgifields=1905&.cgifields=3203&.
Action.c(183):     cgifields=1118&.cgifields=1575&.cgifields=117&.cgifields=2428&.cgifields=2207&.cgifields=6
Action.c(183):     00&.cgifields=80&.cgifields=336&.cgifields=2472&.cgifields=457&.cgifields=1301&.cgifields=
Action.c(183):     821&.cgifields=696&.cgifields=383&.cgifields=2532&.cgifields=1873&.cgifields=1721&.cgifiel
Action.c(183):     ds=2497&.cgifields=2179&.cgifields=2172&.cgifields=1431&.cgifields=92&.cgifields=1489&.cgi
Action.c(183):     fields=3050&.cgifields=1212&.cgifields=2253&.cgifields=2787&.cgifields=2433&.cgifields=180
Action.c(183):     5&.cgifields=1727&.cgifields=1477&.cgifields=1164&.cgifields=2922&.cgifields=2824&.cgifiel
Action.c(183):     ds=505&.cgifields=2739&.cgifields=670&.cgifields=1094&.cgifields=419&.cgifields=2178&.cgif
Action.c(183):     ields=995&.cgifields=1225&.cgifields=837&.cgifields=2909&.cgifields=2015&.cgifields=290&.c
Action.c(183):     gifields=625&.cgifields=149&.cgifields=712&.cgifields=210&.cgifields=406&.cgifields=2560&.
Action.c(183):     cgifields=2289&.cgifields=2312&.cgifields=19&.cgifields=3096&.cgifields=2702&.cgifields=10
Action.c(183):     30&.cgifields=365&.cgifields=2730&.cgifields=763&.cgifields=2593&.cgifields=3196&.cgifield
Action.c(183):     s=2021&.cgifields=1895&.cgifields=2920&.cgifields=2038&.cgifields=570&.cgifields=3123&.cgi
Action.c(183):     fields=1880&.cgifields=252&.cgifields=1159&.cgifields=883&.cgifields=2048&.cgifields=655&.
Action.c(183):     cgifields=3110&.cgifields=421&.cgifields=1998&.cgifields=2930&.cgifields=2332&.cgifields=1
Action.c(183):     367&.cgifields=271&.cgifields=1070&.cgifields=1024&.cgifields=3174&.cgifields=3117&.cgifie
Action.c(183):     lds=2867&.cgifields=2871&.cgifields=491&.cgifields=1863&.cgifields=2463&.cgifields=13&.cgi
Action.c(183):     fields=2493&.cgifields=105&.cgifields=1514&.cgifields=840&.cgifields=1647&.cgifields=597&.
Action.c(183):     cgifields=2380&.cgifields=111&.cgifields=1411&.cgifields=408&.cgifields=1480&.cgifields=27
Action.c(183):     77&.cgifields=242&.cgifields=559&.cgifields=1588&.cgifields=32&.cgifields=443&.cgifields=2
Action.c(183):     234&.cgifields=1795&.cgifields=580&.cgifields=2800&.cgifields=2523&.cgifields=1257&.cgifie
Action.c(183):     lds=846&.cgifields=31&.cgifields=1689&.cgifields=2307&.cgifields=1861&.cgifields=2825&.cgi
Action.c(183):     fields=2706&.cgifields=1296&.cgifields=1553&.cgifields=2161&.cgifields=2897&.cgifields=130
Action.c(183):     3&.cgifields=2133&.cgifields=1654&.cgifields=968&.cgifields=675&.cgifields=15&.cgifields=4
Action.c(183):     31&.cgifields=3016&.cgifields=382&.cgifields=2236&.cgifields=2846&.cgifields=1506&.cgifiel
Action.c(183):     ds=2855&.cgifields=139&.cgifields=129&.cgifields=3008&.cgifields=926&.cgifields=2145&.cgif
Action.c(183):     ields=1246&.cgifields=859&.cgifields=1083&.cgifields=739&.cgifields=1293&.cgifields=876&.c
Action.c(183):     gifields=3024&.cgifields=1792&.cgifields=2890&.cgifields=662&.cgifields=168&.cgifields=135
Action.c(183):     &.cgifields=1518&.cgifields=145&.cgifields=178&.cgifields=2674&.cgifields=1131&.cgifields=
Action.c(183):     3156&.cgifields=2728&.cgifields=1876&.cgifields=124&.cgifields=772&.cgifields=1759&.cgifie
Action.c(183):     lds=1429&.cgifields=1974&.cgifields=2032&.cgifields=2536&.cgifields=2483&.cgifields=3026&.
Action.c(183):     cgifields=1374&.cgifields=1528&.cgifields=2807&.cgifields=2303&.cgifields=653&.cgifields=1
Action.c(183):     692&.cgifields=2677&.cgifields=2259&.cgifields=3064&.cgifields=509&.cgifields=2212&.cgifie
Action.c(183):     lds=1015&.cgifields=367&.cgifields=976&.cgifields=716&.cgifields=1886&.cgifields=1821&.cgi
Action.c(183):     fields=1972&.cgifields=940&.cgifields=685&.cgifields=743&.cgifields=2265&.cgifields=21&.cg
Action.c(183):     ifields=523&.cgifields=2377&.cgifields=2129&.cgifields=1460&.cgifields=453&.cgifields=723&
Action.c(183):     .cgifields=2500&.cgifields=1202&.cgifields=3162&.cgifields=351&.cgifields=1040&.cgifields=
Action.c(183):     2838&.cgifields=595&.cgifields=1755&.cgifields=1138&.cgifields=488&.cgifields=2926&.cgifie
Action.c(183):     lds=1854&.cgifields=1012&.cgifields=1498&.cgifields=835&.cgifields=2182&.cgifields=1267&.c
Action.c(183):     gifields=1032&.cgifields=113&.cgifields=901&.cgifields=2191&.cgifields=152&.cgifields=2931
Action.c(183):     &.cgifields=342&.cgifields=1419&.cgifields=862&.cgifields=341&.cgifields=1056&.cgifields=2
Action.c(183):     883&.cgifields=2189&.cgifields=2287&.cgifields=2540&.cgifields=3108&.cgifields=2284&.cgifi
Action.c(183):     elds=64&.cgifields=2753&.cgifields=1473&.cgifields=881&.cgifields=2461&.cgifields=3186&.cg
Action.c(183):     ifields=45&.cgifields=405&.cgifields=507&.cgifields=1173&.cgifields=1963&.cgifields=309&.c
Action.c(183):     gifields=1734&.cgifields=2085&.cgifields=1733&.cgifields=2113&.cgifields=2153&.cgifields=1
Action.c(183):     258&.cgifields=824&.cgifields=120&.cgifields=2568&.cgifields=1148&.cgifields=2841&.cgifiel
Action.c(183):     ds=2386&.cgifields=2313&.cgifields=254&.cgifields=392&.cgifields=1321&.cgifields=2242&.cgi
Action.c(183):     fields=2442&.cgifields=2254&.cgifields=1987&.cgifields=813&.cgifields=2014&.cgifields=2602
Action.c(183):     &.cgifields=644&.cgifields=2477&.cgifields=851&.cgifields=1820&.cgifields=399&.cgifields=2
Action.c(183):     296&.cgifields=2110&.cgifields=1811&.cgifields=436&.cgifields=1342&.cgifields=2457&.cgifie
Action.c(183):     lds=1968&.cgifields=1802&.cgifields=94&.cgifields=213&.cgifields=2775&.cgifields=1450&.cgi
Action.c(183):     fields=3011&.cgifields=2863&.cgifields=2668&.cgifields=568&.cgifields=3098&.cgifields=2273
Action.c(183):     &.cgifields=2411&.cgifields=1129&.cgifields=791&.cgifields=1143&.cgifields=1355&.cgifields
Action.c(183):     =2848&.cgifields=2231&.cgifields=3095&.cgifields=1961&.cgifields=386&.cgifields=916&.cgifi
Action.c(183):     elds=2043&.cgifields=1457&.cgifields=200&.cgifields=1261&.cgifields=1352&.cgifields=329&.c
Action.c(183):     gifields=525&.cgifields=2970&.cgifields=1621&.cgifields=27&.cgifields=787&.cgifields=2331&
Action.c(183):     .cgifields=1902&.cgifields=1561&.cgifields=161&.cgifields=1866&.cgifields=2001&.cgifields=
Action.c(183):     1310&.cgifields=109&.cgifields=2115&.cgifields=2318&.cgifields=2651&.cgifields=1239&.cgifi
Action.c(183):     elds=3035&.cgifields=2764&.cgifields=2797&.cgifields=769&.cgifields=1556&.cgifields=1181&.
Action.c(183):     cgifields=1809&.cgifields=803&.cgifields=2744&.cgifields=2559&.cgifields=3199&.cgifields=1
Action.c(183):     766&.cgifields=60&.cgifields=1245&.cgifields=1400&.cgifields=1067&.cgifields=691&.cgifield
Action.c(183):     s=2615&.cgifields=1676&.cgifields=1388&.cgifields=3153&.cgifields=3134&.cgifields=346&.cgi
Action.c(183):     fields=3085&.cgifields=911&.cgifields=3171&.cgifields=427&.cgifields=2072&.cgifields=3121&
Action.c(183):     .cgifields=82&.cgifields=2202&.cgifields=650&.cgifields=1154&.cgifields=2624&.cgifields=89
Action.c(183):     5&.cgifields=1763&.cgifields=2965&.cgifields=69&.cgifields=1910&.cgifields=1157&.cgifields
Action.c(183):     =1470&.cgifields=2762&.cgifields=3076&.cgifields=224&.cgifields=2711&.cgifields=2100&.cgif
Action.c(183):     ields=1982&.cgifields=1006&.cgifields=2393&.cgifields=426&.cgifields=996&.cgifields=3005&.
Action.c(183):     cgifields=1435&.cgifields=1840&.cgifields=279&.cgifields=2408&.cgifields=2069&.cgifields=9
Action.c(183):     56&.cgifields=483&.cgifields=498&.cgifields=629&.cgifields=2055&.cgifields=1487&.cgifields
Action.c(183):     =372&.cgifields=2951&.cgifields=2028&.cgifields=1540&.cgifields=3075&.cgifields=1661&.cgif
Action.c(183):     ields=1330&.cgifields=1284&.cgifields=3041&.cgifields=1606&.cgifields=2064&.cgifields=1160
Action.c(183):     &.cgifields=99&.cgifields=869&.cgifields=1592&.cgifields=1933&.cgifields=2022&.cgifields=7
Action.c(183):     90&.cgifields=533&.cgifields=2080&.cgifields=1122&.cgifields=2997&.cgifields=2416&.cgifiel
Action.c(183):     ds=1697&.cgifields=1053&.cgifields=414&.cgifields=462&.cgifields=1770&.cgifields=2735&.cgi
Action.c(183):     fields=1209&.cgifields=263&.cgifields=991&.cgifields=2985&.cgifields=2348&.cgifields=931&.
Action.c(183):     cgifields=2246&.cgifields=615&.cgifields=476&.cgifields=1198&.cgifields=1626&.cgifields=14
Action.c(183):     09&.cgifields=2219&.cgifields=2141&.cgifields=2464&.cgifields=1077&.cgifields=1716&.cgifie
Action.c(183):     lds=293&.cgifields=2854&.cgifields=1272&.cgifields=1781&.cgifields=1299&.cgifields=1663&.c
Action.c(183):     gifields=2888&.cgifields=967&.cgifields=2157&.cgifields=1611&.cgifields=322&.cgifields=469
Action.c(183):     &.cgifields=3046&.cgifields=635&.cgifields=1088&.cgifields=575&.cgifields=1835&.cgifields=
Action.c(183):     1566&.cgifields=979&.cgifields=709&.cgifields=40&.cgifields=310&.cgifields=192&.cgifields=
Action.c(183):     699&.cgifields=1115&.cgifields=960&.cgifields=818&.cgifields=2363&.cgifields=1038&.cgifiel
Action.c(183):     ds=2908&.cgifields=2293&.cgifields=1707&.cgifields=3103&.cgifields=267&.cgifields=543&.cgi
Action.c(183):     fields=3088&.cgifields=1892&.cgifields=1777&.cgifields=2044&.cgifields=354&.cgifields=1437
Action.c(183):     &.cgifields=2813&.cgifields=1064&.cgifields=2724&.cgifields=2517&.cgifields=757&.cgifields
Action.c(183):     =2577&.cgifields=9&.cgifields=2734&.cgifields=1217&.cgifields=1740&.cgifields=1600&.cgifie
Action.c(183):     lds=603&.cgifields=2750&.cgifields=2527&.cgifields=90&.cgifields=1850&.cgifields=565&.cgif
Action.c(183):     ields=1346&.cgifields=3102&.cgifields=1964&.cgifields=850&.cgifields=2818&.cgifields=2424&
Action.c(183):     .cgifields=891&.cgifields=1004&.cgifields=2106&.cgifields=2696&.cgifields=1360&.cgifields=
Action.c(183):     233&.cgifields=1013&.cgifields=1490&.cgifields=2198&.cgifields=1693&.cgifields=316&.cgifie
Action.c(183):     lds=2947&.cgifields=1806&.cgifields=2288&.cgifields=1738&.cgifields=2025&.cgifields=1370&.
Action.c(183):     cgifields=2954&.cgifields=11&.cgifields=2649&.cgifields=511&.cgifields=842&.cgifields=2367
Action.c(183):     &.cgifields=899&.cgifields=2000&.cgifields=2437&.cgifields=2531&.cgifields=3131&.cgifields
Action.c(183):     =2689&.cgifields=199&.cgifields=2410&.cgifields=1979&.cgifields=1899&.cgifields=3066&.cgif
Action.c(183):     ields=1929&.cgifields=2485&.cgifields=1737&.cgifields=1948&.cgifields=3143&.cgifields=795&
Action.c(183):     .cgifields=1609&.cgifields=794&.cgifields=944&.cgifields=1780&.cgifields=1113&.cgifields=2
Action.c(183):     122&.cgifields=674&.cgifields=2280&.cgifields=1317&.cgifields=280&.cgifields=957&.cgifield
Action.c(183):     s=273&.cgifields=2430&.cgifields=471&.cgifields=2943&.cgifields=2596&.cgifields=1503&.cgif
Action.c(183):     ields=2262&.cgifields=1509&.cgifields=1936&.cgifields=2912&.cgifields=1325&.cgifields=2512
Action.c(183):     &.cgifields=1643&.cgifields=131&.cgifields=1565&.cgifields=502&.cgifields=1286&.cgifields=
Action.c(183):     314&.cgifields=1796&.cgifields=2998&.cgifields=1502&.cgifields=2638&.cgifields=1872&.cgifi
Action.c(183):     elds=355&.cgifields=553&.cgifields=2058&.cgifields=1252&.cgifields=2877&.cgifields=2643&.c
Action.c(183):     gifields=555&.cgifields=1037&.cgifields=2935&.cgifields=2513&.cgifields=37&.cgifields=855&
Action.c(183):     .cgifields=195&.cgifields=2005&.cgifields=1706&.cgifields=2828&.cgifields=1839&.cgifields=
Action.c(183):     1788&.cgifields=2186&.cgifields=679&.cgifields=680&.cgifields=831&.cgifields=1147&.cgifiel
Action.c(183):     ds=1960&.cgifields=2355&.cgifields=1241&.cgifields=2783&.cgifields=1441&.cgifields=647&.cg
Action.c(183):     ifields=1206&.cgifields=334&.cgifields=2292&.cgifields=1997&.cgifields=1027&.cgifields=168
Action.c(183):     0&.cgifields=423&.cgifields=2879&.cgifields=1953&.cgifields=1139&.cgifields=2757&.cgifield
Action.c(183):     s=1319&.cgifields=1826&.cgifields=2454&.cgifields=2077&.cgifields=1222&.cgifields=2036&.cg
Action.c(183):     ifields=1747&.cgifields=174&.cgifields=820&.cgifields=1799&.cgifields=1571&.cgifields=422&
Action.c(183):     .cgifields=905&.cgifields=1552&.cgifields=1194&.cgifields=41&.cgifields=3014&.cgifields=52
Action.c(183):     &.cgifields=3084&.cgifields=2887&.cgifields=1451&.cgifields=302&.cgifields=1453&.cgifields
Action.c(183):     =866&.cgifields=2452&.cgifields=2223&.cgifields=593&.cgifields=770&.cgifields=188&.cgifiel
Action.c(183):     ds=402&.cgifields=3152&.cgifields=1940&.cgifields=1097&.cgifields=641&.cgifields=1641&.cgi
Action.c(183):     fields=838&.cgifields=2962&.cgifields=2664&.cgifields=616&.cgifields=640&.cgifields=1121&.
Action.c(183):     cgifields=870&.cgifields=1384&.cgifields=896&.cgifields=1468&.cgifields=3184&.cgifields=20
Action.c(183):     68&.cgifields=1726&.cgifields=2903&.cgifields=1464&.cgifields=2165&.cgifields=2347&.cgifie
Action.c(183):     lds=1494&.cgifields=777&.cgifields=2018&.cgifields=1906&.cgifields=2786&.cgifields=464&.cg
Action.c(183):     ifields=2977&.cgifields=1672&.cgifields=2325&.cgifields=1685&.cgifields=2011&.cgifields=18
Action.c(183):     91&.cgifields=6&.cgifields=2768&.cgifields=562&.cgifields=1304&.cgifields=2327&.cgifields=
Action.c(183):     2269&.cgifields=1102&.cgifields=183&.cgifields=3189&.cgifields=3179&.cgifields=2544&.cgifi
Action.c(183):     elds=1478&.cgifields=2541&.cgifields=439&.cgifields=362&.cgifields=1379&.cgifields=2607&.c
Action.c(183):     gifields=1593&.cgifields=705&.cgifields=1720&.cgifields=3053&.cgifields=2206&.cgifields=24
Action.c(183):     96&.cgifields=2177&.cgifields=407&.cgifields=18&.cgifields=376&.cgifields=912&.cgifields=1
Action.c(183):     432&.cgifields=785&.cgifields=1930&.cgifields=599&.cgifields=1393&.cgifields=1167&.cgifiel
Action.c(183):     ds=587&.cgifields=609&.cgifields=1235&.cgifields=298&.cgifields=95&.cgifields=923&.cgifiel
Action.c(183):     ds=243&.cgifields=2051&.cgifields=2682&.cgifields=148&.cgifields=753&.cgifields=1343&.cgif
Action.c(183):     ields=2489&.cgifields=2655&.cgifields=2404&.cgifields=726&.cgifields=2509&.cgifields=2955&
Action.c(183):     .cgifields=2703&.cgifields=2171&.cgifields=2611&.cgifields=106&.cgifields=157&.cgifields=9
Action.c(183):     64&.cgifields=2009&.cgifields=65&.cgifields=1909&.cgifields=935&.cgifields=203&.cgifields=
Action.c(183):     2627&.cgifields=1213&.cgifields=1093&.cgifields=81&.cgifields=1023&.cgifields=2742&.cgifie
Action.c(183):     lds=2473&.cgifields=2084&.cgifields=1300&.cgifields=1199&.cgifields=86&.cgifields=624&.cgi
Action.c(183):     fields=2598&.cgifields=1158&.cgifields=2170&.cgifields=371&.cgifields=656&.cgifields=204&.
Action.c(183):     cgifields=2335&.cgifields=1041&.cgifields=2921&.cgifields=1990&.cgifields=435&.cgifields=8
Action.c(183):     14&.cgifields=3195&.cgifields=2492&.cgifields=1482&.cgifields=2109&.cgifields=885&.cgifiel
Action.c(183):     ds=1412&.cgifields=884&.cgifields=1709&.cgifields=339&.cgifields=228&.cgifields=749&.cgifi
Action.c(183):     elds=268&.cgifields=829&.cgifields=2872&.cgifields=345&.cgifields=596&.cgifields=1297&.cgi
Action.c(183):     fields=2090&.cgifields=1521&.cgifields=1862&.cgifields=2352&.cgifields=613&.cgifields=1082
Action.c(183):     &.cgifields=1066&.cgifields=121&.cgifields=952&.cgifields=2691&.cgifields=1071&.cgifields=
Action.c(183):     494&.cgifields=487&.cgifields=3058&.cgifields=1956&.cgifields=2778&.cgifields=2235&.cgifie
Action.c(183):     lds=238&.cgifields=3175&.cgifields=873&.cgifields=3081&.cgifields=253&.cgifields=3099&.cgi
Action.c(183):     fields=448&.cgifields=2631&.cgifields=2278&.cgifields=2427&.cgifields=63&.cgifields=1637&.
Action.c(183):     cgifields=179&.cgifields=1532&.cgifields=1105&.cgifields=713&.cgifields=1334&.cgifields=24
Action.c(183):     99&.cgifields=2805&.cgifields=2096&.cgifields=1784&.cgifields=2839&.cgifields=938&.cgifiel
Action.c(183):     ds=2149&.cgifields=1679&.cgifields=1830&.cgifields=1620&.cgifields=2241&.cgifields=3060&.c
Action.c(183):     gifields=1262&.cgifields=3167&.cgifields=1290&.cgifields=1527&.cgifields=2162&.cgifields=1
Action.c(183):     132&.cgifields=2370&.cgifields=929&.cgifields=2554&.cgifields=1925&.cgifields=2916&.cgifie
Action.c(183):     lds=2574&.cgifields=3126&.cgifields=547&.cgifields=631&.cgifields=1616&.cgifields=1583&.cg
Action.c(183):     ifields=1544&.cgifields=1538&.cgifields=396&.cgifields=258&.cgifields=1422&.cgifields=482&
Action.c(183):     .cgifields=2620&.cgifields=949&.cgifields=499&.cgifields=1047&.cgifields=2138&.cgifields=1
Action.c(183):     055&.cgifields=2447&.cgifields=1276&.cgifields=3140&.cgifields=141&.cgifields=909&.cgifiel
Action.c(183):     ds=3043&.cgifields=2981&.cgifields=2618&.cgifields=1124&.cgifields=1230&.cgifields=75&.cgi
Action.c(183):     fields=2793&.cgifields=2993&.cgifields=2588&.cgifields=1917&.cgifields=1163&.cgifields=450
Action.c(183):     &.cgifields=1702&.cgifields=3118&.cgifields=1405&.cgifields=1713&.cgifields=1060&.cgifield
Action.c(183):     s=2420&.cgifields=2104&.cgifields=2894&.cgifields=2126&.cgifields=2858&.cgifields=900&.cgi
Action.c(183):     fields=318&.cgifields=1729&.cgifields=2526&.cgifields=972&.cgifields=473&.cgifields=2572&.
Action.c(183):     cgifields=1774&.cgifields=3&.cgifields=248&.cgifields=146&.cgifields=3202&.cgifields=1351&
Action.c(183):     .cgifields=2396&.cgifields=356&.cgifields=802&.cgifields=2720&.cgifields=2063&.cgifields=5
Action.c(183):     28&.cgifields=164&.cgifields=807&.cgifields=2040&.cgifields=2678&.cgifields=2632&.cgifield
Action.c(183):     s=1049&.cgifields=2898&.cgifields=882&.cgifields=2812&.cgifields=1050&.cgifields=1488&.cgi
Action.c(183):     fields=560&.cgifields=2830&.cgifields=798&.cgifields=898&.cgifields=2725&.cgifields=1031&.
Action.c(183):     cgifields=1273&.cgifields=2942&.cgifields=2516&.cgifields=451&.cgifields=3139&.cgifields=2
Action.c(183):     616&.cgifields=454&.cgifields=2538&.cgifields=1364&.cgifields=1408&.cgifields=2448&.cgifie
Action.c(183):     lds=2969&.cgifields=634&.cgifields=2721&.cgifields=578&.cgifields=2551&.cgifields=695&.cgi
Action.c(183):     fields=978&.cgifields=2144&.cgifields=325&.cgifields=378&.cgifields=889&.cgifields=1233&.c
Action.c(183):     gifields=540&.cgifields=1162&.cgifields=1615&.cgifields=3137&.cgifields=2831&.cgifields=21
Action.c(183):     1&.cgifields=684&.cgifields=3065&.cgifields=2073&.cgifields=1732&.cgifields=861&.cgifields
Action.c(183):     =337&.cgifields=2406&.cgifields=3172&.cgifields=76&.cgifields=1924&.cgifields=2718&.cgifie
Action.c(183):     lds=3042&.cgifields=982&.cgifields=571&.cgifields=1214&.cgifields=1190&.cgifields=2592&.cg
Action.c(183):     ifields=389&.cgifields=1660&.cgifields=1171&.cgifields=1345&.cgifields=2290&.cgifields=966
Action.c(183):     &.cgifields=1123&.cgifields=2314&.cgifields=2216&.cgifields=992&.cgifields=236&.cgifields=
Action.c(183):     758&.cgifields=1954&.cgifields=2843&.cgifields=218&.cgifields=706&.cgifields=14&.cgifields
Action.c(183):     =2345&.cgifields=3124&.cgifields=2587&.cgifields=1608&.cgifields=2973&.cgifields=2328&.cgi
Action.c(183):     fields=2999&.cgifields=2567&.cgifields=2474&.cgifields=2889&.cgifields=234&.cgifields=594&
Action.c(183):     .cgifields=2924&.cgifields=1438&.cgifields=3158&.cgifields=1903&.cgifields=2767&.cgifields
Action.c(183):     =2188&.cgifields=1778&.cgifields=2339&.cgifields=1859&.cgifields=160&.cgifields=3116&.cgif
Action.c(183):     ields=2776&.cgifields=98&.cgifields=2901&.cgifields=1048&.cgifields=1278&.cgifields=2434&.
Action.c(183):     cgifields=1000&.cgifields=1381&.cgifields=43&.cgifields=1061&.cgifields=2582&.cgifields=20
Action.c(183):     54&.cgifields=1728&.cgifields=2785&.cgifields=193&.cgifields=288&.cgifields=119&.cgifields
Action.c(183):     =1555&.cgifields=586&.cgifields=2870&.cgifields=2859&.cgifields=410&.cgifields=3193&.cgifi
Action.c(183):     elds=999&.cgifields=3019&.cgifields=1180&.cgifields=2169&.cgifields=430&.cgifields=1185&.c
Action.c(183):     gifields=447&.cgifields=1446&.cgifields=1741&.cgifields=2118&.cgifields=415&.cgifields=113
Action.c(183):     0&.cgifields=1315&.cgifields=189&.cgifields=2597&.cgifields=1292&.cgifields=2330&.cgifield
Action.c(183):     s=1356&.cgifields=2849&.cgifields=480&.cgifields=107&.cgifields=438&.cgifields=1153&.cgifi
Action.c(183):     elds=1871&.cgifields=2385&.cgifields=87&.cgifields=1022&.cgifields=1832&.cgifields=2795&.c
Action.c(183):     gifields=2704&.cgifields=953&.cgifields=221&.cgifields=3147&.cgifields=3176&.cgifields=142
Action.c(183):     4&.cgifields=1560&.cgifields=417&.cgifields=784&.cgifields=1762&.cgifields=260&.cgifields=
Action.c(183):     3080&.cgifields=2061&.cgifields=1844&.cgifields=1530&.cgifields=2504&.cgifields=762&.cgifi
Action.c(183):     elds=1144&.cgifields=2798&.cgifields=734&.cgifields=2952&.cgifields=1723&.cgifields=2621&.
Action.c(183):     cgifields=2047&.cgifields=144&.cgifields=1440&.cgifields=2524&.cgifields=381&.cgifields=14
Action.c(183):     71&.cgifields=1814&.cgifields=906&.cgifields=2205&.cgifields=1349&.cgifields=2966&.cgifiel
Action.c(183):     ds=177&.cgifields=2213&.cgifields=373&.cgifields=2078&.cgifields=773&.cgifields=1247&.cgif
Action.c(183):     ields=2940&.cgifields=22&.cgifields=205&.cgifields=3072&.cgifields=1309&.cgifields=1752&.c
Action.c(183):     gifields=1576&.cgifields=2874&.cgifields=2681&.cgifields=1622&.cgifields=1260&.cgifields=8
Action.c(183):     74&.cgifields=975&.cgifields=493&.cgifields=1708&.cgifields=2220&.cgifields=1436&.cgifield
Action.c(183):     s=1911&.cgifields=2856&.cgifields=2528&.cgifields=1591&.cgifields=1677&.cgifields=2199&.cg
Action.c(183):     ifields=2174&.cgifields=1320&.cgifields=1026&.cgifields=3002&.cgifields=2752&.cgifields=13
Action.c(183):     90&.cgifields=3113&.cgifields=1993&.cgifields=1893&.cgifields=1469&.cgifields=1499&.cgifie
Action.c(183):     lds=1646&.cgifields=3010&.cgifields=400&.cgifields=534&.cgifields=746&.cgifields=919&.cgif
Action.c(183):     ields=744&.cgifields=1268&.cgifields=633&.cgifields=1372&.cgifields=151&.cgifields=1977&.c
Action.c(183):     gifields=2023&.cgifields=1669&.cgifields=1825&.cgifields=1285&.cgifields=1952&.cgifields=2
Action.c(183):     87&.cgifields=475&.cgifields=2595&.cgifields=932&.cgifields=1549&.cgifields=1959&.cgifield
Action.c(183):     s=515&.cgifields=1525&.cgifields=2545&.cgifields=1242&.cgifields=2761&.cgifields=2996&.cgi
Action.c(183):     fields=138&.cgifields=1107&.cgifields=1208&.cgifields=1874&.cgifields=1803&.cgifields=724&
Action.c(183):     .cgifields=1201&.cgifields=519&.cgifields=1195&.cgifields=17&.cgifields=2451&.cgifields=13
Action.c(183):     27&.cgifields=2192&.cgifields=1274&.cgifields=2667&.cgifields=110&.cgifields=333&.cgifield
Action.c(183):     s=1995&.cgifields=2356&.cgifields=2210&.cgifields=2658&.cgifields=2780&.cgifields=646&.cgi
Action.c(183):     fields=446&.cgifields=2181&.cgifields=2229&.cgifields=1220&.cgifields=1582&.cgifields=2842
Action.c(183):     &.cgifields=1599&.cgifields=3013&.cgifields=2306&.cgifields=1149&.cgifields=2900&.cgifield
Action.c(183):     s=2652&.cgifields=2337&.cgifields=2603&.cgifields=2283&.cgifields=2243&.cgifields=2407&.cg
Action.c(183):     ifields=2695&.cgifields=1087&.cgifields=1288&.cgifields=810&.cgifields=1238&.cgifields=33&
Action.c(183):     .cgifields=1587&.cgifields=2866&.cgifields=1559&.cgifields=7&.cgifields=1793&.cgifields=22
Action.c(183):     7&.cgifields=1701&.cgifields=1860&.cgifields=2443&.cgifields=1937&.cgifields=2013&.cgifiel
Action.c(183):     ds=255&.cgifields=264&.cgifields=806&.cgifields=2230&.cgifields=1885&.cgifields=182&.cgifi
Action.c(183):     elds=2905&.cgifields=1817&.cgifields=2707&.cgifields=556&.cgifields=717&.cgifields=2817&.c
Action.c(183):     gifields=815&.cgifields=671&.cgifields=1511&.cgifields=2249&.cgifields=167&.cgifields=2423
Action.c(183):     &.cgifields=692&.cgifields=1605&.cgifields=663&.cgifields=2431&.cgifields=1907&.cgifields=
Action.c(183):     854&.cgifields=1945&.cgifields=3120&.cgifields=969&.cgifields=1174&.cgifields=1946&.cgifie
Action.c(183):     lds=510&.cgifields=3020&.cgifields=393&.cgifields=2276&.cgifields=1501&.cgifields=658&.cgi
Action.c(183):     fields=274&.cgifields=549&.cgifields=877&.cgifields=1508&.cgifields=3034&.cgifields=1128&.
Action.c(183):     cgifields=1771&.cgifields=2891&.cgifields=946&.cgifields=1724&.cgifields=1520&.cgifields=2
Action.c(183):     644&.cgifields=2148&.cgifields=250&.cgifields=303&.cgifields=1361&.cgifields=614&.cgifield
Action.c(183):     s=2963&.cgifields=1765&.cgifields=3155&.cgifields=2959&.cgifields=130&.cgifields=53&.cgifi
Action.c(183):     elds=1373&.cgifields=2925&.cgifields=1465&.cgifields=2990&.cgifields=1302&.cgifields=2239&
Action.c(183):     .cgifields=1397&.cgifields=941&.cgifields=3029&.cgifields=583&.cgifields=2392&.cgifields=1
Action.c(183):     879&.cgifields=1824&.cgifields=2917&.cgifields=1869&.cgifields=3190&.cgifields=2342&.cgifi
Action.c(183):     elds=591&.cgifields=2304&.cgifields=832&.cgifields=2804&.cgifields=2341&.cgifields=2135&.c
Action.c(183):     gifields=828&.cgifields=276&.cgifields=102&.cgifields=1920&.cgifields=2465&.cgifields=1831
Action.c(183):     &.cgifields=2992&.cgifields=2639&.cgifields=1218&.cgifields=1404&.cgifields=2398&.cgifield
Action.c(183):     s=1543&.cgifields=259&.cgifields=424&.cgifields=1625&.cgifields=163&.cgifields=1106&.cgifi
Action.c(183):     elds=1402&.cgifields=1836&.cgifields=2986&.cgifields=2402&.cgifields=1531&.cgifields=2731&
Action.c(183):     .cgifields=2929&.cgifields=1841&.cgifields=347&.cgifields=2738&.cgifields=1333&.cgifields=
Action.c(183):     2586&.cgifields=434&.cgifields=865&.cgifields=1184&.cgifields=3165&.cgifields=2770&.cgifie
Action.c(183):     lds=3087&.cgifields=442&.cgifields=2156&.cgifields=1577&.cgifields=1572&.cgifields=2851&.c
Action.c(183):     gifields=3129&.cgifields=689&.cgifields=886&.cgifields=1116&.cgifields=2835&.cgifields=132
Action.c(183):     9&.cgifields=2869&.cgifields=1725&.cgifields=2379&.cgifields=727&.cgifields=320&.cgifields
Action.c(183):     =939&.cgifields=2619&.cgifields=811&.cgifields=1670&.cgifields=2010&.cgifields=2834&.cgifi
Action.c(183):     elds=465&.cgifields=249&.cgifields=1612&.cgifields=819&.cgifields=1177&.cgifields=1189&.cg
Action.c(183):     ifields=1127&.cgifields=1537&.cgifields=894&.cgifields=1748&.cgifields=2127&.cgifields=858
Action.c(183):     &.cgifields=1298&.cgifields=140&.cgifields=2222&.cgifields=1900&.cgifields=385&.cgifields=
Action.c(183):     954&.cgifields=1359&.cgifields=1479&.cgifields=2578&.cgifields=801&.cgifields=985&.cgifiel
Action.c(183):     ds=971&.cgifields=754&.cgifields=3151&.cgifields=479&.cgifields=847&.cgifields=1166&.cgifi
Action.c(183):     elds=3061&.cgifields=3091&.cgifields=2166&.cgifields=1563&.cgifields=1003&.cgifields=1378&
Action.c(183):     .cgifields=1054&.cgifields=1800&.cgifields=2821&.cgifields=2101&.cgifields=619&.cgifields=
Action.c(183):     1717&.cgifields=2557&.cgifields=698&.cgifields=1634&.cgifields=621&.cgifields=524&.cgifiel
Action.c(183):     ds=2176&.cgifields=1848&.cgifields=2714&.cgifields=2310&.cgifields=2495&.cgifields=598&.cg
Action.c(183):     ifields=3052&.cgifields=2486&.cgifields=2322&.cgifields=780&.cgifields=2438&.cgifields=231
Action.c(183):     7&.cgifields=240&.cgifields=1433&.cgifields=1666&.cgifields=2209&.cgifields=230&.cgifields
Action.c(183):     =115&.cgifields=377&.cgifields=2374&.cgifields=2050&.cgifields=602&.cgifields=922&.cgifiel
Action.c(183):     ds=2319&.cgifields=1311&.cgifields=2741&.cgifields=2628&.cgifields=1072&.cgifields=2470&.c
Action.c(183):     gifields=1787&.cgifields=1394&.cgifields=612&.cgifields=2772&.cgifields=936&.cgifields=139
Action.c(183):     1&.cgifields=2251&.cgifields=1277&.cgifields=1086&.cgifields=2794&.cgifields=701&.cgifield
Action.c(183):     s=214&.cgifields=564&.cgifields=3070&.cgifields=2708&.cgifields=2562&.cgifields=3094&.cgif
Action.c(183):     ields=2789&.cgifields=1650&.cgifields=2074&.cgifields=2539&.cgifields=2850&.cgifields=2547
Action.c(183):     &.cgifields=731&.cgifields=1967&.cgifields=2779&.cgifields=657&.cgifields=2139&.cgifields=
Action.c(183):     1865&.cgifields=1783&.cgifields=768&.cgifields=1928&.cgifields=1092&.cgifields=503&.cgifie
Action.c(183):     lds=2255&.cgifields=1756&.cgifields=1636&.cgifields=2491&.cgifields=1483&.cgifields=338&.c
Action.c(183):     gifields=3105&.cgifields=576&.cgifields=761&.cgifields=1996&.cgifields=738&.cgifields=1775
Action.c(183):     &.cgifields=1415&.cgifields=484&.cgifields=2334&.cgifields=1036&.cgifields=1078&.cgifields
Action.c(183):     =1243&.cgifields=2530&.cgifields=2065&.cgifields=1265&.cgifields=544&.cgifields=623&.cgifi
Action.c(183):     elds=1512&.cgifields=2956&.cgifields=1196&.cgifields=1114&.cgifields=2389&.cgifields=2946&
Action.c(183):     .cgifields=2564&.cgifields=2382&.cgifields=328&.cgifields=239&.cgifields=2635&.cgifields=1
Action.c(183):     22&.cgifields=269&.cgifields=628&.cgifields=878&.cgifields=1223&.cgifields=2277&.cgifields
Action.c(183):     =363&.cgifields=2353&.cgifields=3198&.cgifields=733&.cgifields=2159&.cgifields=3059&.cgifi
Action.c(183):     elds=630&.cgifields=997&.cgifields=1449&.cgifields=608&.cgifields=2873&.cgifields=1234&.cg
Action.c(183):     ifields=1649&.cgifields=2226&.cgifields=2878&.cgifields=1314&.cgifields=2748&.cgifields=17
Action.c(183):     98&.cgifields=1474&.cgifields=2535&.cgifields=125&.cgifields=522&.cgifields=1632&.cgifield
Action.c(183):     s=44&.cgifields=1423&.cgifields=2412&.cgifields=2152&.cgifields=1687&.cgifields=667&.cgifi
Action.c(183):     elds=1188&.cgifields=3142&.cgifields=2008&.cgifields=2862&.cgifields=714&.cgifields=1280&.
Action.c(183):     cgifields=1564&.cgifields=313&.cgifields=2017&.cgifields=2663&.cgifields=3023&.cgifields=2
Action.c(183):     884&.cgifields=2661&.cgifields=1324&.cgifields=397&.cgifields=1096&.cgifields=3077&.cgifie
Action.c(183):     lds=2934&.cgifields=1657&.cgifields=3009&.cgifields=2185&.cgifields=2717&.cgifields=1191&.
Action.c(183):     cgifields=459&.cgifields=823&.cgifields=1495&.cgifields=771&.cgifields=1753&.cgifields=401
Action.c(183):     &.cgifields=3187&.cgifields=2688&.cgifields=186&.cgifields=1797&.cgifields=1119&.cgifields
Action.c(183):     =1914&.cgifields=3039&.cgifields=2756&.cgifields=1705&.cgifields=1919&.cgifields=1938&.cgi
Action.c(183):     fields=3000&.cgifields=915&.cgifields=3107&.cgifields=2978&.cgifields=1586&.cgifields=1986
Action.c(183):     &.cgifields=1456&.cgifields=2606&.cgifields=404&.cgifields=516&.cgifields=1813&.cgifields=
Action.c(183):     2004&.cgifields=2060&.cgifields=1551&.cgifields=702&.cgifields=2297&.cgifields=2163&.cgifi
Action.c(183):     elds=2214&.cgifields=2904&.cgifields=2346&.cgifields=2195&.cgifields=561&.cgifields=2112&.
Action.c(183):     cgifields=2555&.cgifields=2221&.cgifields=2982&.cgifields=357&.cgifields=1307&.cgifields=1
Action.c(183):     812&.cgifields=1941&.cgifields=2826&.cgifields=1769&.cgifields=2475&.cgifields=455&.cgifie
Action.c(183):     lds=1875&.cgifields=1673&.cgifields=2132&.cgifields=297&.cgifields=963&.cgifields=3181&.cg
Action.c(183):     ifields=2612&.cgifields=2031&.cgifields=2272&.cgifields=1889&.cgifields=2692&.cgifields=26
Action.c(183):     46&.cgifields=10&.cgifields=980&.cgifields=1596&.cgifields=550&.cgifields=2083&.cgifields=
Action.c(183):     2697&.cgifields=2097&.cgifields=1081&.cgifields=1651&.cgifields=958&.cgifields=1569&.cgifi
Action.c(183):     elds=1736&.cgifields=592&.cgifields=2542&.cgifields=2123&.cgifields=1978&.cgifields=2364&.
Action.c(183):     cgifields=1640&.cgifields=173&.cgifields=530&.cgifields=66&.cgifields=2709&.cgifields=3067
Action.c(183):     &.cgifields=2675&.cgifields=470&.cgifields=2026&.cgifields=1524&.cgifields=3130&.cgifields
Action.c(183):     =2360&.cgifields=793&.cgifields=1205&.cgifields=1287&.cgifields=1696&.cgifields=3168&.cgif
Action.c(183):     ields=2403&.cgifields=654&.cgifields=2261&.cgifields=283&.cgifields=156&.cgifields=59&.cgi
Action.c(183):     fields=2091&.cgifields=1971&.cgifields=2358&.cgifields=1226&.cgifields=2498&.cgifields=125
Action.c(183):     6&.cgifields=1949&.cgifields=2247&.cgifields=1744&.cgifields=1853&.cgifields=864&.cgifield
Action.c(183):     s=2913&.cgifields=219&.cgifields=1016&.cgifields=2480&.cgifields=2300&.cgifields=799&.cgif
Action.c(183):     ields=1170&.cgifields=925&.cgifields=1896&.cgifields=390&.cgifields=2895&.cgifields=2368&.
Action.c(183):     cgifields=1042&.cgifields=1515&.cgifields=1686&.cgifields=38&.cgifields=1955&.cgifields=19
Action.c(183):     6&.cgifields=945&.cgifields=1169&.cgifields=2784&.cgifields=206&.cgifields=118&.cgifields=
Action.c(183):     959&.cgifields=1674&.cgifields=3194&.cgifields=358&.cgifields=331&.cgifields=1065&.cgifiel
Action.c(183):     ds=1659&.cgifields=2746&.cgifields=737&.cgifields=767&.cgifields=3037&.cgifields=2228&.cgi
Action.c(183):     fields=2070&.cgifields=2173&.cgifields=1020&.cgifields=805&.cgifields=84&.cgifields=437&.c
Action.c(183):     gifields=194&.cgifields=2749&.cgifields=1768&.cgifields=220&.cgifields=1312&.cgifields=239
Action.c(183):     5&.cgifields=2365&.cgifields=1021&.cgifields=1263&.cgifields=934&.cgifields=1989&.cgifield
Action.c(183):     s=948&.cgifields=2160&.cgifields=572&.cgifields=2450&.cgifields=1398&.cgifields=226&.cgifi
Action.c(183):     elds=527&.cgifields=1430&.cgifields=1145&.cgifields=1870&.cgifields=2549&.cgifields=1448&.
Action.c(183):     cgifields=2466&.cgifields=62&.cgifields=833&.cgifields=3146&.cgifields=2743&.cgifields=147
Action.c(183):     2&.cgifields=1573&.cgifields=548&.cgifields=2020&.cgifields=2575&.cgifields=1110&.cgifield
Action.c(183):     s=2622&.cgifields=2204&.cgifields=1999&.cgifields=2799&.cgifields=1772&.cgifields=418&.cgi
Action.c(183):     fields=2324&.cgifields=933&.cgifields=783&.cgifields=2217&.cgifields=1357&.cgifields=2333&
Action.c(183):     .cgifields=348&.cgifields=1152&.cgifields=789&.cgifields=49&.cgifields=2046&.cgifields=205
Action.c(183):     2&.cgifields=2967&.cgifields=2868&.cgifields=993&.cgifields=627&.cgifields=1090&.cgifields
Action.c(183):     =1308&.cgifields=2117&.cgifields=715&.cgifields=1934&.cgifields=2503&.cgifields=2201&.cgif
Action.c(183):     ields=1916&.cgifields=23&.cgifields=1722&.cgifields=388&.cgifields=364&.cgifields=3069&.cg
Action.c(183):     ifields=1425&.cgifields=950&.cgifields=2680&.cgifields=2957&.cgifields=1445&.cgifields=167
Action.c(183):     8&.cgifields=1845&.cgifields=1025&.cgifields=3083&.cgifields=3073&.cgifields=1992&.cgifiel
Action.c(183):     ds=2478&.cgifields=1842&.cgifields=1466&.cgifields=485&.cgifields=2340&.cgifields=2143&.cg
Action.c(183):     ifields=778&.cgifields=720&.cgifields=1270&.cgifields=2449&.cgifields=460&.cgifields=1645&
Action.c(183):     .cgifields=324&.cgifields=1389&.cgifields=244&.cgifields=637&.cgifields=2066&.cgifields=28
Action.c(183):     11&.cgifields=2679&.cgifields=752&.cgifields=1232&.cgifields=2899&.cgifields=3045&.cgifiel
Action.c(183):     ds=2941&.cgifields=379&.cgifields=1607&.cgifields=1386&.cgifields=1536&.cgifields=1639&.cg
Action.c(183):     ifields=1035&.cgifields=2617&.cgifields=452&.cgifields=579&.cgifields=295&.cgifields=1894&
Action.c(183):     .cgifields=535&.cgifields=1618&.cgifields=3138&.cgifields=3136&.cgifields=77&.cgifields=68
Action.c(183):     3&.cgifields=2260&.cgifields=541&.cgifields=1215&.cgifields=2995&.cgifields=1712&.cgifield
Action.c(183):     s=2344&.cgifields=765&.cgifields=2552&.cgifields=2521&.cgifields=897&.cgifields=312&.cgifi
Action.c(183):     elds=1628&.cgifields=2435&.cgifields=1002&.cgifields=237&.cgifields=2584&.cgifields=370&.c
Action.c(183):     gifields=2722&.cgifields=2371&.cgifields=2519&.cgifields=2923&.cgifields=2610&.cgifields=5
Action.c(183):     67&.cgifields=416&.cgifields=2950&.cgifields=3115&.cgifields=914&.cgifields=380&.cgifields
Action.c(183):     =100&.cgifields=965&.cgifields=300&.cgifields=1279&.cgifields=1439&.cgifields=2974&.cgifie
Action.c(183):     lds=2079&.cgifields=286&.cgifields=1395&.cgifields=2405&.cgifields=1075&.cgifields=2426&.c
Action.c(183):     gifields=800&.cgifields=2232&.cgifields=3125&.cgifields=1365&.cgifields=2432&.cgifields=14
Action.c(183):     07&.cgifields=496&.cgifields=2829&.cgifields=605&.cgifields=2987&.cgifields=1779&.cgifield
Action.c(183):     s=2581&.cgifields=1568&.cgifields=607&.cgifields=1807&.cgifields=2902&.cgifields=1699&.cgi
Action.c(183):     fields=42&.cgifields=759&.cgifields=3093&.cgifields=2508&.cgifields=1228&.cgifields=235&.c
Action.c(183):     gifields=1073&.cgifields=2291&.cgifields=2591&.cgifields=2187&.cgifields=1931&.cgifields=6
Action.c(183):     94&.cgifields=2844&.cgifields=816&.cgifields=1103&.cgifields=3031&.cgifields=3148&.cgifiel
Action.c(183):     ds=2244&.cgifields=3159&.cgifields=296&.cgifields=265&.cgifields=1062&.cgifields=3112&.cgi
Action.c(183):     fields=3169&.cgifields=171&.cgifields=1700&.cgifields=2609&.cgifields=445&.cgifields=2131&
Action.c(183):     .cgifields=2687&.cgifields=1339&.cgifields=2338&.cgifields=2012&.cgifields=3201&.cgifields
Action.c(183):     =582&.cgifields=1884&.cgifields=2120&.cgifields=1858&.cgifields=557&.cgifields=718&.cgifie
Action.c(183):     lds=2147&.cgifields=1581&.cgifields=1507&.cgifields=1604&.cgifields=2726&.cgifields=441&.c
Action.c(183):     gifields=868&.cgifields=672&.cgifields=1140&.cgifields=983&.cgifields=275&.cgifields=2035&
Action.c(183):     .cgifields=197&.cgifields=2208&.cgifields=1731&.cgifields=853&.cgifields=751&.cgifields=15
Action.c(183):     00&.cgifields=1746&.cgifields=2167&.cgifields=2136&.cgifields=1980&.cgifields=2275&.cgifie
Action.c(183):     lds=2685&.cgifields=3028&.cgifields=1295&.cgifields=2832&.cgifields=677&.cgifields=1111&.c
Action.c(183):     gifields=907&.cgifields=2238&.cgifields=1868&.cgifields=3154&.cgifields=590&.cgifields=121
Action.c(183):     0&.cgifields=664&.cgifields=1790&.cgifields=1878&.cgifields=2388&.cgifields=2938&.cgifield
Action.c(183):     s=2264&.cgifields=2964&.cgifields=1690&.cgifields=617&.cgifields=79&.cgifields=1420&.cgifi
Action.c(183):     elds=352&.cgifields=2502&.cgifields=2918&.cgifields=126&.cgifields=251&.cgifields=1034&.cg
Action.c(183):     ifields=1594&.cg
Action.c(183): t=12806ms: 8237-byte request body for "http://localhost:1080/cgi-bin/itinerary.pl" (RelFrameId=1, Internal ID=33)
Action.c(183):     ifields=2803&.cgifields=2875&.cgifields=369&.cgifields=1533&.cgifields=1548&.cgifields=651
Action.c(183):     &.cgifields=176&.cgifields=3145&.cgifields=947&.cgifields=256&.cgifields=1823&.cgifields=2
Action.c(183):     537&.cgifields=2267&.cgifields=2810&.cgifields=920&.cgifields=428&.cgifields=2305&.cgifiel
Action.c(183):     ds=887&.cgifields=72&.cgifields=500&.cgifields=1221&.cgifields=1496&.cgifields=1200&.cgifi
Action.c(183):     elds=1757&.cgifields=918&.cgifields=1682&.cgifields=2781&.cgifields=1413&.cgifields=2107&.
Action.c(183):     cgifields=1108&.cgifields=1275&.cgifields=2211&.cgifields=1598&.cgifields=2282&.cgifields=
Action.c(183):     1014&.cgifields=2760&.cgifields=843&.cgifields=1856&.cgifields=2529&.cgifields=1491&.cgifi
Action.c(183):     elds=1362&.cgifields=1804&.cgifields=2315&.cgifields=632&.cgifields=2357&.cgifields=394&.c
Action.c(183):     gifields=1371&.cgifields=2484&.cgifields=2257&.cgifields=610&.cgifields=514&.cgifields=265
Action.c(183):     9&.cgifields=2444&.cgifields=725&.cgifields=513&.cgifields=50&.cgifields=2645&.cgifields=1
Action.c(183):     519&.cgifields=1994&.cgifields=2633&.cgifields=3173&.cgifields=797&.cgifields=2459&.cgifie
Action.c(183):     lds=2197&.cgifields=1136&.cgifields=1175&.cgifields=1236&.cgifields=1683&.cgifields=2413&.
Action.c(183):     cgifields=645&.cgifields=1326&.cgifields=2566&.cgifields=1382&.cgifields=1176&.cgifields=1
Action.c(183):     452&.cgifields=2881&.cgifields=2384&.cgifields=1039&.cgifields=1815&.cgifields=2637&.cgifi
Action.c(183):     elds=1005&.cgifields=28&.cgifields=2089&.cgifields=589&.cgifields=2087&.cgifields=1337&.cg
Action.c(183):     ifields=215&.cgifields=687&.cgifields=3101&.cgifields=2098&.cgifields=2184&.cgifields=150&
Action.c(183):     .cgifields=3161&.cgifields=3018&.cgifields=2298&.cgifields=2336&.cgifields=245&.cgifields=
Action.c(183):     2604&.cgifields=2511&.cgifields=2190&.cgifields=2546&.cgifields=826&.cgifields=2494&.cgifi
Action.c(183):     elds=1344&.cgifields=3012&.cgifields=2666&.cgifields=332&.cgifields=2329&.cgifields=1099&.
Action.c(183):     cgifields=1965&.cgifields=2980&.cgifields=745&.cgifields=34&.cgifields=2653&.cgifields=265
Action.c(183):     6&.cgifields=2548&.cgifields=2082&.cgifields=3056&.cgifields=2613&.cgifields=620&.cgifield
Action.c(183):     s=1410&.cgifields=2693&.cgifields=1434&.cgifields=2713&.cgifields=2625&.cgifields=2471&.cg
Action.c(183):     ifields=1547&.cgifields=937&.cgifields=1045&.cgifields=1619&.cgifields=730&.cgifields=16&.
Action.c(183):     cgifields=921&.cgifields=2880&.cgifields=1069&.cgifields=2311&.cgifields=1224&.cgifields=3
Action.c(183):     68&.cgifields=3078&.cgifields=2556&.cgifields=994&.cgifields=611&.cgifields=1786&.cgifield
Action.c(183):     s=1849&.cgifields=849&.cgifields=2320&.cgifields=492&.cgifields=2740&.cgifields=208&.cgifi
Action.c(183):     elds=2788&.cgifields=2440&.cgifields=2140&.cgifields=2271&.cgifields=1523&.cgifields=93&.c
Action.c(183):     gifields=3055&.cgifields=2773&.cgifields=292&.cgifields=2445&.cgifields=291&.cgifields=307
Action.c(183):     1&.cgifields=3040&.cgifields=2429&.cgifields=374&.cgifields=2790&.cgifields=114&.cgifields
Action.c(183):     =429&.cgifields=1306&.cgifields=1939&.cgifields=3097&.cgifields=1328&.cgifields=73&.cgifie
Action.c(183):     lds=409&.cgifields=1091&.cgifields=67&.cgifields=812&.cgifields=241&.cgifields=1958&.cgifi
Action.c(183):     elds=1962&.cgifields=3133&.cgifields=2561&.cgifields=489&.cgifields=585&.cgifields=327&.cg
Action.c(183):     ifields=1392&.cgifields=1970&.cgifields=2391&.cgifields=1080&.cgifields=1281&.cgifields=28
Action.c(183):     19&.cgifields=732&.cgifields=1864&.cgifields=2233&.cgifields=1603&.cgifields=622&.cgifield
Action.c(183):     s=1881&.cgifields=970&.cgifields=2381&.cgifields=2771&.cgifields=2375&.cgifields=24&.cgifi
Action.c(183):     elds=1416&.cgifields=2759&.cgifields=2256&.cgifields=2049&.cgifields=1658&.cgifields=3197&
Action.c(183):     .cgifields=104&.cgifields=2057&.cgifields=1558&.cgifields=1237&.cgifields=1635&.cgifields=
Action.c(183):     2361&.cgifields=2175&.cgifields=1513&.cgifields=1264&.cgifields=2490&.cgifields=747&.cgifi
Action.c(183):     elds=159&.cgifields=2563&.cgifields=3086&.cgifields=1633&.cgifields=47&.cgifields=1427&.cg
Action.c(183):     ifields=1942&.cgifields=1484&.cgifields=1017&.cgifields=270&.cgifields=1057&.cgifields=204
Action.c(183):     2&.cgifields=538&.cgifields=2840&.cgifields=1602&.cgifields=521&.cgifields=2007&.cgifields
Action.c(183):     =1332&.cgifields=162&.cgifields=1923&.cgifields=880&.cgifields=433&.cgifields=2164&.cgifie
Action.c(183):     lds=1399&.cgifields=1912&.cgifields=986&.cgifields=786&.cgifields=740&.cgifields=1117&.cgi
Action.c(183):     fields=1008&.cgifields=3022&.cgifields=103&.cgifields=201&.cgifields=871&.cgifields=1401&.
Action.c(183):     cgifields=719&.cgifields=1529&.cgifields=902&.cgifields=827&.cgifields=266&.cgifields=2039
Action.c(183):     &.cgifields=1353&.cgifields=1742&.cgifields=3128&.cgifields=2585&.cgifields=1624&.cgifield
Action.c(183):     s=2892&.cgifields=1219&.cgifields=1695&.cgifields=2534&.cgifields=97&.cgifields=2983&.cgif
Action.c(183):     ields=2378&.cgifields=1704&.cgifields=668&.cgifields=750&.cgifields=688&.cgifields=1749&.c
Action.c(183):     gifields=774&.cgifields=1126&.cgifields=2128&.cgifields=910&.cgifields=2701&.cgifields=693
Action.c(183):     &.cgifields=1341&.cgifields=2684&.cgifields=1534&.cgifields=2570&.cgifields=893&.cgifields
Action.c(183):     =2309&.cgifields=1915&.cgifields=2737&.cgifields=804&.cgifields=83&.cgifields=2558&.cgifie
Action.c(183):     lds=1385&.cgifields=2672&.cgifields=1818&.cgifields=2094&.cgifields=962&.cgifields=755&.cg
Action.c(183):     ifields=1085&.cgifields=1714&.cgifields=1837&.cgifields=143&.cgifields=3090&.cgifields=140
Action.c(183):     3&.cgifields=2323&.cgifields=3049&.cgifields=2822&.cgifields=1051&.cgifields=2268&.cgifiel
Action.c(183):     ds=3033&.cgifields=1497&.cgifields=518&.cgifields=497&.cgifields=2914&.cgifields=2906&.cgi
Action.c(183):     fields=1211&.cgifields=2852&.cgifields=2732&.cgifields=2155&.cgifields=169&.cgifields=411&
Action.c(183):     .cgifields=2991&.cgifields=2399&.cgifields=1542&.cgifields=1711&.cgifields=2836&.cgifields
Action.c(183):     =2102&.cgifields=2579&.cgifields=478&.cgifields=384&.cgifields=398&.cgifields=836&.cgifiel
Action.c(183):     ds=2016&.cgifields=3182&.cgifields=3068&.cgifields=955&.cgifields=942&.cgifields=1735&.cgi
Action.c(183):     fields=1376&.cgifields=1888&.cgifields=2030&.cgifields=2286&.cgifields=2369&.cgifields=264
Action.c(183):     7&.cgifields=1595&.cgifields=190&.cgifields=2816&.cgifields=1750&.cgifields=1808&.cgifield
Action.c(183):     s=2802&.cgifields=822&.cgifields=601&.cgifields=1739&.cgifields=231&.cgifields=1610&.cgifi
Action.c(183):     elds=779&.cgifields=551&.cgifields=343&.cgifields=504&.cgifields=981&.cgifields=697&.cgifi
Action.c(183):     elds=2823&.cgifields=3001&.cgifields=3177&.cgifields=857&.cgifields=1010&.cgifields=707&.c
Action.c(183):     gifields=1966&.cgifields=1665&.cgifields=261&.cgifields=1782&.cgifields=2698&.cgifields=24
Action.c(183):     39&.cgifields=2252&.cgifields=2506&.cgifields=321&.cgifields=792&.cgifields=3122&.cgifield
Action.c(183):     s=2896&.cgifields=1079&.cgifields=1248&.cgifields=2422&.cgifields=1590&.cgifields=2401&.cg
Action.c(183):     ifields=1652&.cgifields=1516&.cgifields=2462&.cgifields=2053&.cgifields=924&.cgifields=293
Action.c(183):     3&.cgifields=2301&.cgifields=760&.cgifields=863&.cgifields=2481&.cgifields=531&.cgifields=
Action.c(183):     2027&.cgifields=2469&.cgifields=172&.cgifields=1745&.cgifields=2594&.cgifields=2111&.cgifi
Action.c(183):     elds=1366&.cgifields=223&.cgifields=2124&.cgifields=721&.cgifields=1897&.cgifields=1043&.c
Action.c(183):     gifields=1255&.cgifields=2660&.cgifields=669&.cgifields=282&.cgifields=420&.cgifields=1852
Action.c(183):     &.cgifields=639&.cgifields=989&.cgifields=1505&.cgifields=2372&.cgifields=1348&.cgifields=
Action.c(183):     2945&.cgifields=2248&.cgifields=577&.cgifields=1137&.cgifields=2809&.cgifields=1227&.cgifi
Action.c(183):     elds=1417&.cgifields=216&.cgifields=852&.cgifields=643&.cgifields=1951&.cgifields=2766&.cg
Action.c(183):     ifields=1120&.cgifields=2928&.cgifields=1475&.cgifields=1794&.cgifields=1187&.cgifields=21
Action.c(183):     93&.cgifields=2636&.cgifields=2968&.cgifields=2092&.cgifields=676&.cgifields=1251&.cgifiel
Action.c(183):     ds=277&.cgifields=2456&.cgifields=3191&.cgifields=1192&.cgifields=879&.cgifields=3017&.cgi
Action.c(183):     fields=2640&.cgifields=2700&.cgifields=1095&.cgifields=3104&.cgifields=1183&.cgifields=297
Action.c(183):     5&.cgifields=1444&.cgifields=2747&.cgifields=1883&.cgifields=1846&.cgifields=2215&.cgifiel
Action.c(183):     ds=2671&.cgifields=133&.cgifields=123&.cgifields=304&.cgifields=2600&.cgifields=2515&.cgif
Action.c(183):     ields=2417&.cgifields=1631&.cgifields=1828&.cgifields=2605&.cgifields=2294&.cgifields=56&.
Action.c(183):     cgifields=1369&.cgifields=3006&.cgifields=54&.cgifields=1151&.cgifields=306&.cgifields=120
Action.c(183):     4&.cgifields=70&.cgifields=839&.cgifields=2520&.cgifields=166&.cgifields=2225&.cgifields=8
Action.c(183):     8&.cgifields=1578&.cgifields=1009&.cgifields=30&.cgifields=403&.cgifields=466&.cgifields=1
Action.c(183):     34&.cgifields=3038&.cgifields=2151&.cgifields=618&.cgifields=848&.cgifields=1829&.cgifield
Action.c(183):     s=1904&.cgifields=1629&.cgifields=1761&.cgifields=2755&.cgifields=2196&.cgifields=1918&.cg
Action.c(183):     ifields=1323&.cgifields=1455&.cgifields=3150&.cgifields=2662&.cgifields=1492&.cgifields=31
Action.c(183):     64&.cgifields=2729&.cgifields=703&.cgifields=1134&.cgifields=1100&.cgifields=2885&.cgifiel
Action.c(183):     ds=2861&.cgifields=1377&.cgifields=3106&.cgifields=2488&.cgifields=1461&.cgifields=185&.cg
Action.c(183):     ifields=2487&.cgifields=3188&.cgifields=1719&.cgifields=2716&.cgifields=4&.cgifields=1985&
Action.c(183):     .cgifields=2669&.cgifields=1691&.cgifields=2003
Action.c(183): t=12938ms: 255-byte response headers for "http://localhost:1080/cgi-bin/itinerary.pl" (RelFrameId=1, Internal ID=33)
Action.c(183):     HTTP/1.1 200 OK\r\n
Action.c(183):     Date: Wed, 01 May 2024 13:26:01 GMT\r\n
Action.c(183):     Server: Apache/2.2.21 (Win32)\r\n
Action.c(183):     Expires: Tue, 30 Apr 2024 13:26:01 GMT\r\n
Action.c(183):     Keep-Alive: timeout=5, max=99\r\n
Action.c(183):     Connection: Keep-Alive\r\n
Action.c(183):     Transfer-Encoding: chunked\r\n
Action.c(183):     Content-Type: text/html; charset=ISO-8859-1\r\n
Action.c(183):     \r\n
Action.c(183): t=12943ms: 5-byte chunked response overhead for "http://localhost:1080/cgi-bin/itinerary.pl" (RelFrameId=1, Internal ID=33)
Action.c(183):     3a4\r\n
Action.c(183): t=12943ms: 2-byte chunked response overhead for "http://localhost:1080/cgi-bin/itinerary.pl" (RelFrameId=1, Internal ID=33)
Action.c(183):     \r\n
Action.c(183): t=12944ms: 932-byte chunked response body for "http://localhost:1080/cgi-bin/itinerary.pl" (RelFrameId=1, Internal ID=33)
Action.c(183):     <!DOCTYPE html\n
Action.c(183):     \tPUBLIC "-//W3C//DTD XHTML 1.0 Transitional//EN"\n
Action.c(183):     \t "http://www.w3.org/TR/xhtml1/DTD/xhtml1-transitional.dtd">\n
Action.c(183):     <html xmlns="http://www.w3.org/1999/xhtml" lang="en-US" xml:lang="en-US">\n
Action.c(183):     <head>\n
Action.c(183):     <title>Flights List</title>\n
Action.c(183):     <meta http-equiv="Content-Type" content="text/html; charset=iso-8859-1" />\n
Action.c(183):     </head>\n
Action.c(183):     <body bgcolor="#E0E7F1">\n
Action.c(183):     <style>blockquote {font-family: tahoma; font-size : 10pt}H1 {font-family: tahoma; font-siz
Action.c(183):     e : 22pt; color: #993333}small {font-family: tahoma; font-size : 8pt}H3 {font-family: taho
Action.c(183):     ma; font-size : 10pt; color: black}TD {font-family: tahoma; font-size : 8pt; color: black}
Action.c(183):     </style><BR/><BR/><h1>&nbsp;&nbsp;<b>Itinerary</b></h1>\n
Action.c(183):     <blockquote><P break>Unfortunately, we could not delete your entire itinerary because of a
Action.c(183):      database synchronization error.  If you could please re-load your itinerary and try again
Action.c(183):     , we would appreciate it.  Thank you for your patience.</blockquote>\n
Action.c(183):     </body>\n
Action.c(183):     </html>
Action.c(183): t=12945ms: 5-byte chunked response overhead for "http://localhost:1080/cgi-bin/itinerary.pl" (RelFrameId=1, Internal ID=33)
Action.c(183):     0\r\n
Action.c(183):     \r\n
Action.c(183): t=12946ms: Request done "http://localhost:1080/cgi-bin/itinerary.pl"  	[MsgId: MMSG-26000]
Action.c(183): Registered web_reg_find successful for "Text=Itinerary" (count=1)  	[MsgId: MMSG-26364]
Action.c(183): web_custom_request("itinerary.pl") was successful, 932 body bytes, 255 header bytes, 12 chunking overhead bytes  	[MsgId: MMSG-26385]
Action.c(195): Notify: Transaction "delete" ended with a "Pass" status (Duration: 0,3760 Wasted Time: 0,0083).
Action.c(197): Notify: Transaction "signoff" started.
Action.c(199): web_remove_auto_header("Sec-Fetch-User") started  	[MsgId: MMSG-26355]
Action.c(199): Previous automatically added web header for "Sec-Fetch-User" removed  	[MsgId: MMSG-26587]
Action.c(199): web_remove/revert_auto_header("Sec-Fetch-User") was successful  	[MsgId: MMSG-26392]
Action.c(203): web_url("welcome.pl_2") started  	[MsgId: MMSG-26355]
Action.c(203): t=13040ms: Already connected [0] to localhost:1080  	[MsgId: MMSG-26000]
Action.c(203): t=13040ms: 625-byte request headers for "http://localhost:1080/cgi-bin/welcome.pl?signOff=1" (RelFrameId=1, Internal ID=34)
Action.c(203):     GET /cgi-bin/welcome.pl?signOff=1 HTTP/1.1\r\n
Action.c(203):     Referer: http://localhost:1080/cgi-bin/nav.pl?page=menu&in=itinerary\r\n
Action.c(203):     Sec-Fetch-Dest: frame\r\n
Action.c(203):     Sec-Fetch-Site: same-origin\r\n
Action.c(203):     Sec-Fetch-Mode: navigate\r\n
Action.c(203):     DNT: 1\r\n
Action.c(203):     Sec-GPC: 1\r\n
Action.c(203):     Upgrade-Insecure-Requests: 1\r\n
Action.c(203):     User-Agent: Mozilla/5.0 (Windows NT 10.0; Win64; x64; rv:125.0) Gecko/20100101 Firefox/125
Action.c(203):     .0\r\n
Action.c(203):     Accept-Encoding: gzip, deflate, br\r\n
Action.c(203):     Accept-Language: ru-RU,ru;q=0.8,en-US;q=0.5,en;q=0.3\r\n
Action.c(203):     Accept: */*\r\n
Action.c(203):     Connection: Keep-Alive\r\n
Action.c(203):     Host: localhost:1080\r\n
Action.c(203):     Cookie: MSO=SID&1714569949; MTUserInfo=firstName&Jojo&address2&&username&jojo&hash&47&last
Action.c(203):     Name&Bean%0A&address1&&creditCard&&expDate&%0A\r\n
Action.c(203):     \r\n
Action.c(203): t=13081ms: 327-byte response headers for "http://localhost:1080/cgi-bin/welcome.pl?signOff=1" (RelFrameId=1, Internal ID=34)
Action.c(203):     HTTP/1.1 200 OK\r\n
Action.c(203):     Date: Wed, 01 May 2024 13:26:01 GMT\r\n
Action.c(203):     Server: Apache/2.2.21 (Win32)\r\n
Action.c(203):     Set-Cookie: MSO=SID&1714569961; path=/\r\n
Action.c(203):     Set-Cookie: MTUserInfo=; path=/; expires=Tue, 30-Apr-2024 13:26:01 GMT\r\n
Action.c(203):     Keep-Alive: timeout=5, max=98\r\n
Action.c(203):     Connection: Keep-Alive\r\n
Action.c(203):     Transfer-Encoding: chunked\r\n
Action.c(203):     Content-Type: text/html; charset=ISO-8859-1\r\n
Action.c(203):     \r\n
Action.c(203): t=13083ms: 5-byte chunked response overhead for "http://localhost:1080/cgi-bin/welcome.pl?signOff=1" (RelFrameId=1, Internal ID=34)
Action.c(203):     2ae\r\n
Action.c(203): t=13084ms: 2-byte chunked response overhead for "http://localhost:1080/cgi-bin/welcome.pl?signOff=1" (RelFrameId=1, Internal ID=34)
Action.c(203):     \r\n
Action.c(203): t=13086ms: 686-byte chunked response body for "http://localhost:1080/cgi-bin/welcome.pl?signOff=1" (RelFrameId=1, Internal ID=34)
Action.c(203):     <!-- \n
Action.c(203):      A Session ID has been created and loaded into a cookie called MSO.\n
Action.c(203):      Also, the server options have been loaded into the cookie called\n
Action.c(203):      MSO as well.  The server options can be set via the Admin page.\n
Action.c(203):      --->\n
Action.c(203):     \n
Action.c(203):     <html>\n
Action.c(203):     <title>Web Tours</title>\n
Action.c(203):        <!-- Frame Set -->\n
Action.c(203):        <frameset cols="160,*" border="1" frameborder="1">\n
Action.c(203):           <!-- Navigation Frame -->\n
Action.c(203):           <frame src="nav.pl?in=home" name="navbar" marginheight="2" marginwidth="2" \n
Action.c(203):                 noresize="noresize" scrolling="auto"/>\n
Action.c(203):           <!-- Home Frame -->\n
Action.c(203):           <frame src="/WebTours/home.html" name="info" marginheight="2" marginwidth="2" \n
Action.c(203):                 noresize="noresize" scrolling="auto"/>\n
Action.c(203):        </frameset>\n
Action.c(203):     </html>\n
Action.c(203):     \n
Action.c(203):     </body>\n
Action.c(203):     </html>
Action.c(203): Detected non-resource "http://localhost:1080/cgi-bin/nav.pl?in=home" in "http://localhost:1080/cgi-bin/welcome.pl?signOff=1"  	[MsgId: MMSG-26574]
Action.c(203): Detected non-resource "http://localhost:1080/WebTours/home.html" in "http://localhost:1080/cgi-bin/welcome.pl?signOff=1"  	[MsgId: MMSG-26574]
Action.c(203): Retrieving data from cache for "http://localhost:1080/WebTours/home.html"  	[MsgId: MMSG-26558]
Action.c(203): t=13091ms: 1361-byte response body retrieved from cache for "http://localhost:1080/WebTours/home.html" (RelFrameId=1.2, Internal ID=36)
Action.c(203):     <HTML>\n
Action.c(203):     <HEAD>\n
Action.c(203):     \t<title>Web Tours</title>\n
Action.c(203):     </HEAD>\n
Action.c(203):     <style>\n
Action.c(203):     \tblockquote {font-family: tahoma; font-size : 10pt}\n
Action.c(203):     \tH1 {font-family: tahoma; font-size : 22pt; color: #003366}\n
Action.c(203):     \tsmall {font-family: tahoma; font-size : 8pt}\n
Action.c(203):     \tH3{font-family: tahoma; font-size : 10pt; color: black}\n
Action.c(203):     \tA {FONT-WEIGHT: bold; FONT-SIZE: 10pt; COLOR: black; FONT-FAMILY: Tahoma; TEXT-DECORATIO
Action.c(203):     N: none}\n
Action.c(203):     \tA:hover{ FONT-WEIGHT: bold; FONT-SIZE: 10pt; COLOR: #993333; FONT-FAMILY: Tahoma;TEXT-DE
Action.c(203):     CORATION: underline}\n
Action.c(203):     \tTD {font-family: tahoma; font-size : 10pt; color: black}\n
Action.c(203):     </style>\n
Action.c(203):     <body bgcolor="#e0e7f1">\n
Action.c(203):     <BR/>\n
Action.c(203):     <BR/>\n
Action.c(203):     <BR/>\n
Action.c(203):     <br/>\n
Action.c(203):     <table border="0">\n
Action.c(203):     <tr><td></td></tr>\n
Action.c(203):     <TR><TD></TD></TR>\n
Action.c(203):     <TR><TD>\n
Action.c(203):     <blockquote>\n
Action.c(203):     <H1><b>Web Tours</b></H1>\n
Action.c(203):     Welcome to the Web Tours site.\n
Action.c(203):     <br/>\n
Action.c(203):     To make reservations,please enter your account information to the left.\n
Action.c(203):     <br/>\n
Action.c(203):     If you haven't registered yet, <A href="/cgi-bin/login.pl?username=&amp;password=&amp;getI
Action.c(203):     nfo=true" ><B>sign up now</B></A> to get access to all our resources.\n
Action.c(203):     <br/>\n
Action.c(203):     To configure the server options, use <A href="/cgi-bin/admin.pl" target="body" ><b>adminis
Action.c(203):     tration</b></A> link.\n
Action.c(203):     <br/><br/><br/><br/><br/><br/>\n
Action.c(203):     <br/><small>\n
Action.c(203):     This product uses parts of the SMT Kernel, Copyright (c) 1991-99 <A href="http://www.imati
Action.c(203):     x.com" target="new"><B><small>iMatix Corporation</small></B></A> \n
Action.c(203):     </small>\n
Action.c(203):     </blockquote></TD>\n
Action.c(203):     <TD></TD></TR>\n
Action.c(203):     </table>\n
Action.c(203):     </body>\n
Action.c(203):     </HTML>\n
Action.c(203): t=13095ms: 5-byte chunked response overhead for "http://localhost:1080/cgi-bin/welcome.pl?signOff=1" (RelFrameId=1, Internal ID=34)
Action.c(203):     0\r\n
Action.c(203):     \r\n
Action.c(203): t=13095ms: Request done "http://localhost:1080/cgi-bin/welcome.pl?signOff=1"  	[MsgId: MMSG-26000]
Action.c(203): t=13096ms: Already connected [3] to localhost:1080  	[MsgId: MMSG-26000]
Action.c(203): t=13096ms: 500-byte request headers for "http://localhost:1080/cgi-bin/nav.pl?in=home" (RelFrameId=1.1, Internal ID=35)
Action.c(203):     GET /cgi-bin/nav.pl?in=home HTTP/1.1\r\n
Action.c(203):     Referer: http://localhost:1080/cgi-bin/welcome.pl?signOff=1\r\n
Action.c(203):     Sec-Fetch-Dest: frame\r\n
Action.c(203):     Sec-Fetch-Site: same-origin\r\n
Action.c(203):     Sec-Fetch-Mode: navigate\r\n
Action.c(203):     DNT: 1\r\n
Action.c(203):     Sec-GPC: 1\r\n
Action.c(203):     Upgrade-Insecure-Requests: 1\r\n
Action.c(203):     User-Agent: Mozilla/5.0 (Windows NT 10.0; Win64; x64; rv:125.0) Gecko/20100101 Firefox/125
Action.c(203):     .0\r\n
Action.c(203):     Accept-Encoding: gzip, deflate, br\r\n
Action.c(203):     Accept-Language: ru-RU,ru;q=0.8,en-US;q=0.5,en;q=0.3\r\n
Action.c(203):     Accept: */*\r\n
Action.c(203):     Connection: Keep-Alive\r\n
Action.c(203):     Host: localhost:1080\r\n
Action.c(203):     Cookie: MSO=SID&1714569961\r\n
Action.c(203):     \r\n
Action.c(203): t=13099ms: reporting user data point RETRY_KEEP_ALIVE  	[MsgId: MMSG-26000]
Action.c(203): RETRY 0:   	[MsgId: MMSG-26000]
Action.c(203): t=13099ms: Closed connection [3] to localhost:1080 after completing 3 request(s)  	[MsgId: MMSG-26000]
Action.c(203): t=13099ms: Connecting [3] to host 127.0.0.1:1080  	[MsgId: MMSG-26000]
Action.c(203): t=13116ms: Connected socket [3] from 127.0.0.1:21680 to 127.0.0.1:1080 in 16 ms  	[MsgId: MMSG-26000]
Action.c(203): t=13116ms: 500-byte request headers for "http://localhost:1080/cgi-bin/nav.pl?in=home" (RelFrameId=1.1, Internal ID=35)
Action.c(203):     GET /cgi-bin/nav.pl?in=home HTTP/1.1\r\n
Action.c(203):     Referer: http://localhost:1080/cgi-bin/welcome.pl?signOff=1\r\n
Action.c(203):     Sec-Fetch-Dest: frame\r\n
Action.c(203):     Sec-Fetch-Site: same-origin\r\n
Action.c(203):     Sec-Fetch-Mode: navigate\r\n
Action.c(203):     DNT: 1\r\n
Action.c(203):     Sec-GPC: 1\r\n
Action.c(203):     Upgrade-Insecure-Requests: 1\r\n
Action.c(203):     User-Agent: Mozilla/5.0 (Windows NT 10.0; Win64; x64; rv:125.0) Gecko/20100101 Firefox/125
Action.c(203):     .0\r\n
Action.c(203):     Accept-Encoding: gzip, deflate, br\r\n
Action.c(203):     Accept-Language: ru-RU,ru;q=0.8,en-US;q=0.5,en;q=0.3\r\n
Action.c(203):     Accept: */*\r\n
Action.c(203):     Connection: Keep-Alive\r\n
Action.c(203):     Host: localhost:1080\r\n
Action.c(203):     Cookie: MSO=SID&1714569961\r\n
Action.c(203):     \r\n
Action.c(203): t=13156ms: 256-byte response headers for "http://localhost:1080/cgi-bin/nav.pl?in=home" (RelFrameId=1.1, Internal ID=35)
Action.c(203):     HTTP/1.1 200 OK\r\n
Action.c(203):     Date: Wed, 01 May 2024 13:26:01 GMT\r\n
Action.c(203):     Server: Apache/2.2.21 (Win32)\r\n
Action.c(203):     Expires: Tue, 30 Apr 2024 13:26:01 GMT\r\n
Action.c(203):     Keep-Alive: timeout=5, max=100\r\n
Action.c(203):     Connection: Keep-Alive\r\n
Action.c(203):     Transfer-Encoding: chunked\r\n
Action.c(203):     Content-Type: text/html; charset=ISO-8859-1\r\n
Action.c(203):     \r\n
Action.c(203): t=13157ms: 5-byte chunked response overhead for "http://localhost:1080/cgi-bin/nav.pl?in=home" (RelFrameId=1.1, Internal ID=35)
Action.c(203):     5d2\r\n
Action.c(203): t=13157ms: 2-byte chunked response overhead for "http://localhost:1080/cgi-bin/nav.pl?in=home" (RelFrameId=1.1, Internal ID=35)
Action.c(203):     \r\n
Action.c(203): t=13158ms: 1490-byte chunked response body for "http://localhost:1080/cgi-bin/nav.pl?in=home" (RelFrameId=1.1, Internal ID=35)
Action.c(203):     <!DOCTYPE html\n
Action.c(203):     \tPUBLIC "-//W3C//DTD XHTML 1.0 Transitional//EN"\n
Action.c(203):     \t "http://www.w3.org/TR/xhtml1/DTD/xhtml1-transitional.dtd">\n
Action.c(203):     <html xmlns="http://www.w3.org/1999/xhtml" lang="en-US" xml:lang="en-US">\n
Action.c(203):     <head>\n
Action.c(203):     <title>Web Tours Navigation Bar</title>\n
Action.c(203):     <meta http-equiv="Content-Type" content="text/html; charset=iso-8859-1" />\n
Action.c(203):     </head>\n
Action.c(203):     <body bgcolor="#E0E7F1">\n
Action.c(203):     <style>\n
Action.c(203):     blockquote {font-family: tahoma; font-size : 10pt}\n
Action.c(203):     H1 {font-family: tahoma; font-size : 22pt; color: #993333}\n
Action.c(203):     H3 {font-family: tahoma; font-size : 10pt; color: black}\n
Action.c(203):     small {font-family: tahoma; font-size : 8pt}\n
Action.c(203):     </style>\n
Action.c(203):     <form method="post" action="/cgi-bin/login.pl" target="body">\n
Action.c(203):     <input type="hidden" name="userSession" value="138887.805670312HVttAtVpfAtVzzzHtciztpctQAc
Action.c(203):     f"/>\n
Action.c(203):     <table border="0"><tr><td>&nbsp;</td>\n
Action.c(203):     <td>&nbsp;</td></tr>\n
Action.c(203):     <tr><td>&nbsp;</td>\n
Action.c(203):     <td>&nbsp;</td></tr>\n
Action.c(203):     <tr><td>&nbsp;</td>\n
Action.c(203):     <td><small>&nbsp;Username</small></td></tr>\n
Action.c(203):     <tr><td>&nbsp;</td>\n
Action.c(203):     <td><input type="text" name="username" value="" size="14" maxlength="14"/></td></tr>\n
Action.c(203):     <tr><td>&nbsp;</td>\n
Action.c(203):     <td><small>&nbsp;Password</small></td>\n
Action.c(203):     <tr><td>&nbsp;</td>\n
Action.c(203):     <td><input type="password" name="password" value="" size="14" maxlength="14"/></td></tr>\n
Action.c(203):     <tr><td>&nbsp;</td>\n
Action.c(203):     <td>&nbsp;</td></tr>\n
Action.c(203):     <tr><td>&nbsp;</td>\n
Action.c(203):     <td><input type="image" name="login" value="Login" alt="Login" border="1" \n
Action.c(203):     src="/WebTours/images/mer_login.gif"/></td></tr>\n
Action.c(203):     <tr><td>&nbsp;</td><td>&nbsp;</td></tr>\n
Action.c(203):     </table><input type="hidden" name="JSFormSubmit" value="off"/>\n
Action.c(203):     </form>\n
Action.c(203):     \n
Action.c(203):     </body>\n
Action.c(203):     </html>\n
Action.c(203): Resource "http://localhost:1080/WebTours/images/mer_login.gif" is in the cache already and will not be downloaded again  	[MsgId: MMSG-26655]
Action.c(203): t=13161ms: 5-byte chunked response overhead for "http://localhost:1080/cgi-bin/nav.pl?in=home" (RelFrameId=1.1, Internal ID=35)
Action.c(203):     0\r\n
Action.c(203):     \r\n
Action.c(203): t=13162ms: Request done "http://localhost:1080/cgi-bin/nav.pl?in=home"  	[MsgId: MMSG-26000]
Action.c(203): web_url("welcome.pl_2") was successful, 2176 body bytes, 583 header bytes, 24 chunking overhead bytes  	[MsgId: MMSG-26385]
Action.c(213): Notify: Transaction "signoff" ended with a "Pass" status (Duration: 0.2041 Wasted Time: 0.0056).
Ending action Action.
Ending iteration 1.
Ending Vuser...
Starting action vuser_end.
Ending action vuser_end.
Vuser Terminated.
t=13226ms: Closed connection [0] to localhost:1080 after completing 3 request(s)  	[MsgId: MMSG-26000]
t=13226ms: Closed connection [3] to localhost:1080 after completing 1 request(s)  	[MsgId: MMSG-26000]
t=13226ms: Closed connection [4] to localhost:1080 after completing 1 request(s)  	[MsgId: MMSG-26000]
t=13226ms: Closed connection [5] to localhost:1080 after completing 1 request(s)  	[MsgId: MMSG-26000]
HTML-Mode memory management statistics: Reusable=501, NonReusable=0, CsMemBlockSize=4096, checks disabled  	[MsgId: MMSG-26000]
Vuser 0 (thread 6276), ended OK."
